This is pdfTeX, Version 3.14159265-2.6-1.40.17 (TeX Live 2016) (preloaded format=pdflatex 2017.2.27)  28 NOV 2018 12:50
entering extended mode
 restricted \write18 enabled.
 %&-line parsing enabled.
**report
(./report.tex
LaTeX2e <2016/03/31>
Babel <3.9r> and hyphenation patterns for 83 language(s) loaded.
(./cernrep.cls (./cernyrep.cls
Document Class: cernyrep 2009/05/13 cernyrep class (version 2.06)
(/usr/local/texlive/2016/texmf-dist/tex/latex/base/report.cls
Document Class: report 2014/09/29 v1.4h Standard LaTeX document class
(/usr/local/texlive/2016/texmf-dist/tex/latex/base/size11.clo
File: size11.clo 2014/09/29 v1.4h Standard LaTeX file (size option)
)
\c@part=\count79
\c@chapter=\count80
\c@section=\count81
\c@subsection=\count82
\c@subsubsection=\count83
\c@paragraph=\count84
\c@subparagraph=\count85
\c@figure=\count86
\c@table=\count87
\abovecaptionskip=\skip41
\belowcaptionskip=\skip42
\bibindent=\dimen102
)
(/usr/local/texlive/2016/texmf-dist/tex/latex/base/ifthen.sty
Package: ifthen 2014/09/29 v1.1c Standard LaTeX ifthen package (DPC)
)
(/usr/local/texlive/2016/texmf-dist/tex/latex/tools/calc.sty
Package: calc 2014/10/28 v4.3 Infix arithmetic (KKT,FJ)
\calc@Acount=\count88
\calc@Bcount=\count89
\calc@Adimen=\dimen103
\calc@Bdimen=\dimen104
\calc@Askip=\skip43
\calc@Bskip=\skip44
LaTeX Info: Redefining \setlength on input line 80.
LaTeX Info: Redefining \addtolength on input line 81.
\calc@Ccount=\count90
\calc@Cskip=\skip45
)
(/usr/local/texlive/2016/texmf-dist/tex/generic/oberdiek/ifpdf.sty
Package: ifpdf 2016/05/14 v3.1 Provides the ifpdf switch
)
(/usr/local/texlive/2016/texmf-dist/tex/latex/cite/cite.sty
LaTeX Info: Redefining \cite on input line 302.
LaTeX Info: Redefining \nocite on input line 332.
Package: cite 2015/02/27  v 5.5
)
(/usr/local/texlive/2016/texmf-dist/tex/latex/fancyhdr/fancyhdr.sty
\fancy@headwidth=\skip46
\f@ncyO@elh=\skip47
\f@ncyO@erh=\skip48
\f@ncyO@olh=\skip49
\f@ncyO@orh=\skip50
\f@ncyO@elf=\skip51
\f@ncyO@erf=\skip52
\f@ncyO@olf=\skip53
\f@ncyO@orf=\skip54
)
(/usr/local/texlive/2016/texmf-dist/tex/latex/truncate/truncate.sty
Package: truncate 2001/08/20  ver 3.6
\@Trunc@RestHyph=\toks14
)
(/usr/local/texlive/2016/texmf-dist/tex/latex/base/fontenc.sty
Package: fontenc 2005/09/27 v1.99g Standard LaTeX package

(/usr/local/texlive/2016/texmf-dist/tex/latex/base/t1enc.def
File: t1enc.def 2005/09/27 v1.99g Standard LaTeX file
LaTeX Font Info:    Redeclaring font encoding T1 on input line 48.
)) (./cernall.sty
Package: cernall 2009/01/06 CERN common LaTeX style components (version 1.37)

(/usr/local/texlive/2016/texmf-dist/tex/latex/tools/longtable.sty
Package: longtable 2014/10/28 v4.11 Multi-page Table package (DPC)
\LTleft=\skip55
\LTright=\skip56
\LTpre=\skip57
\LTpost=\skip58
\LTchunksize=\count91
\LTcapwidth=\dimen105
\LT@head=\box26
\LT@firsthead=\box27
\LT@foot=\box28
\LT@lastfoot=\box29
\LT@cols=\count92
\LT@rows=\count93
\c@LT@tables=\count94
\c@LT@chunks=\count95
\LT@p@ftn=\toks15
)
(/usr/local/texlive/2016/texmf-dist/tex/latex/tools/array.sty
Package: array 2014/10/28 v2.4c Tabular extension package (FMi)
\col@sep=\dimen106
\extrarowheight=\dimen107
\NC@list=\toks16
\extratabsurround=\skip59
\backup@length=\skip60
)
(/usr/local/texlive/2016/texmf-dist/tex/latex/tools/tabularx.sty
Package: tabularx 2016/02/03 v2.11 `tabularx' package (DPC)
\TX@col@width=\dimen108
\TX@old@table=\dimen109
\TX@old@col=\dimen110
\TX@target=\dimen111
\TX@delta=\dimen112
\TX@cols=\count96
\TX@ftn=\toks17
)
(/usr/local/texlive/2016/texmf-dist/tex/latex/tools/dcolumn.sty
Package: dcolumn 2014/10/28 v1.06 decimal alignment package (DPC)
)
(/usr/local/texlive/2016/texmf-dist/tex/latex/base/textcomp.sty
Package: textcomp 2005/09/27 v1.99g Standard LaTeX package
Package textcomp Info: Sub-encoding information:
(textcomp)               5 = only ISO-Adobe without \textcurrency
(textcomp)               4 = 5 + \texteuro
(textcomp)               3 = 4 + \textohm
(textcomp)               2 = 3 + \textestimated + \textcurrency
(textcomp)               1 = TS1 - \textcircled - \t
(textcomp)               0 = TS1 (full)
(textcomp)             Font families with sub-encoding setting implement
(textcomp)             only a restricted character set as indicated.
(textcomp)             Family '?' is the default used for unknown fonts.
(textcomp)             See the documentation for details.
Package textcomp Info: Setting ? sub-encoding to TS1/1 on input line 79.

(/usr/local/texlive/2016/texmf-dist/tex/latex/base/ts1enc.def
File: ts1enc.def 2001/06/05 v3.0e (jk/car/fm) Standard LaTeX file
)
LaTeX Info: Redefining \oldstylenums on input line 334.
Package textcomp Info: Setting cmr sub-encoding to TS1/0 on input line 349.
Package textcomp Info: Setting cmss sub-encoding to TS1/0 on input line 350.
Package textcomp Info: Setting cmtt sub-encoding to TS1/0 on input line 351.
Package textcomp Info: Setting cmvtt sub-encoding to TS1/0 on input line 352.
Package textcomp Info: Setting cmbr sub-encoding to TS1/0 on input line 353.
Package textcomp Info: Setting cmtl sub-encoding to TS1/0 on input line 354.
Package textcomp Info: Setting ccr sub-encoding to TS1/0 on input line 355.
Package textcomp Info: Setting ptm sub-encoding to TS1/4 on input line 356.
Package textcomp Info: Setting pcr sub-encoding to TS1/4 on input line 357.
Package textcomp Info: Setting phv sub-encoding to TS1/4 on input line 358.
Package textcomp Info: Setting ppl sub-encoding to TS1/3 on input line 359.
Package textcomp Info: Setting pag sub-encoding to TS1/4 on input line 360.
Package textcomp Info: Setting pbk sub-encoding to TS1/4 on input line 361.
Package textcomp Info: Setting pnc sub-encoding to TS1/4 on input line 362.
Package textcomp Info: Setting pzc sub-encoding to TS1/4 on input line 363.
Package textcomp Info: Setting bch sub-encoding to TS1/4 on input line 364.
Package textcomp Info: Setting put sub-encoding to TS1/5 on input line 365.
Package textcomp Info: Setting uag sub-encoding to TS1/5 on input line 366.
Package textcomp Info: Setting ugq sub-encoding to TS1/5 on input line 367.
Package textcomp Info: Setting ul8 sub-encoding to TS1/4 on input line 368.
Package textcomp Info: Setting ul9 sub-encoding to TS1/4 on input line 369.
Package textcomp Info: Setting augie sub-encoding to TS1/5 on input line 370.
Package textcomp Info: Setting dayrom sub-encoding to TS1/3 on input line 371.
Package textcomp Info: Setting dayroms sub-encoding to TS1/3 on input line 372.

Package textcomp Info: Setting pxr sub-encoding to TS1/0 on input line 373.
Package textcomp Info: Setting pxss sub-encoding to TS1/0 on input line 374.
Package textcomp Info: Setting pxtt sub-encoding to TS1/0 on input line 375.
Package textcomp Info: Setting txr sub-encoding to TS1/0 on input line 376.
Package textcomp Info: Setting txss sub-encoding to TS1/0 on input line 377.
Package textcomp Info: Setting txtt sub-encoding to TS1/0 on input line 378.
Package textcomp Info: Setting lmr sub-encoding to TS1/0 on input line 379.
Package textcomp Info: Setting lmdh sub-encoding to TS1/0 on input line 380.
Package textcomp Info: Setting lmss sub-encoding to TS1/0 on input line 381.
Package textcomp Info: Setting lmssq sub-encoding to TS1/0 on input line 382.
Package textcomp Info: Setting lmvtt sub-encoding to TS1/0 on input line 383.
Package textcomp Info: Setting lmtt sub-encoding to TS1/0 on input line 384.
Package textcomp Info: Setting qhv sub-encoding to TS1/0 on input line 385.
Package textcomp Info: Setting qag sub-encoding to TS1/0 on input line 386.
Package textcomp Info: Setting qbk sub-encoding to TS1/0 on input line 387.
Package textcomp Info: Setting qcr sub-encoding to TS1/0 on input line 388.
Package textcomp Info: Setting qcs sub-encoding to TS1/0 on input line 389.
Package textcomp Info: Setting qpl sub-encoding to TS1/0 on input line 390.
Package textcomp Info: Setting qtm sub-encoding to TS1/0 on input line 391.
Package textcomp Info: Setting qzc sub-encoding to TS1/0 on input line 392.
Package textcomp Info: Setting qhvc sub-encoding to TS1/0 on input line 393.
Package textcomp Info: Setting futs sub-encoding to TS1/4 on input line 394.
Package textcomp Info: Setting futx sub-encoding to TS1/4 on input line 395.
Package textcomp Info: Setting futj sub-encoding to TS1/4 on input line 396.
Package textcomp Info: Setting hlh sub-encoding to TS1/3 on input line 397.
Package textcomp Info: Setting hls sub-encoding to TS1/3 on input line 398.
Package textcomp Info: Setting hlst sub-encoding to TS1/3 on input line 399.
Package textcomp Info: Setting hlct sub-encoding to TS1/5 on input line 400.
Package textcomp Info: Setting hlx sub-encoding to TS1/5 on input line 401.
Package textcomp Info: Setting hlce sub-encoding to TS1/5 on input line 402.
Package textcomp Info: Setting hlcn sub-encoding to TS1/5 on input line 403.
Package textcomp Info: Setting hlcw sub-encoding to TS1/5 on input line 404.
Package textcomp Info: Setting hlcf sub-encoding to TS1/5 on input line 405.
Package textcomp Info: Setting pplx sub-encoding to TS1/3 on input line 406.
Package textcomp Info: Setting pplj sub-encoding to TS1/3 on input line 407.
Package textcomp Info: Setting ptmx sub-encoding to TS1/4 on input line 408.
Package textcomp Info: Setting ptmj sub-encoding to TS1/4 on input line 409.
)
(/usr/local/texlive/2016/texmf-dist/tex/latex/multirow/multirow.sty
\bigstrutjot=\dimen113
)
(/usr/local/texlive/2016/texmf-dist/tex/latex/graphics/graphicx.sty
Package: graphicx 2014/10/28 v1.0g Enhanced LaTeX Graphics (DPC,SPQR)

(/usr/local/texlive/2016/texmf-dist/tex/latex/graphics/keyval.sty
Package: keyval 2014/10/28 v1.15 key=value parser (DPC)
\KV@toks@=\toks18
)
(/usr/local/texlive/2016/texmf-dist/tex/latex/graphics/graphics.sty
Package: graphics 2016/05/09 v1.0r Standard LaTeX Graphics (DPC,SPQR)

(/usr/local/texlive/2016/texmf-dist/tex/latex/graphics/trig.sty
Package: trig 2016/01/03 v1.10 sin cos tan (DPC)
)
(/usr/local/texlive/2016/texmf-dist/tex/latex/graphics-cfg/graphics.cfg
File: graphics.cfg 2016/01/02 v1.10 sample graphics configuration
)
Package graphics Info: Driver file: pdftex.def on input line 96.

(/usr/local/texlive/2016/texmf-dist/tex/latex/pdftex-def/pdftex.def
File: pdftex.def 2011/05/27 v0.06d Graphics/color for pdfTeX

(/usr/local/texlive/2016/texmf-dist/tex/generic/oberdiek/infwarerr.sty
Package: infwarerr 2016/05/16 v1.4 Providing info/warning/error messages (HO)
)
(/usr/local/texlive/2016/texmf-dist/tex/generic/oberdiek/ltxcmds.sty
Package: ltxcmds 2016/05/16 v1.23 LaTeX kernel commands for general use (HO)
)
\Gread@gobject=\count97
))
\Gin@req@height=\dimen114
\Gin@req@width=\dimen115
)
(/usr/local/texlive/2016/texmf-dist/tex/latex/url/url.sty
\Urlmuskip=\muskip10
Package: url 2013/09/16  ver 3.4  Verb mode for urls, etc.
)
(/usr/local/texlive/2016/texmf-dist/tex/latex/tools/bm.sty
Package: bm 2016/02/27 v1.2a Bold Symbol Support (DPC/FMi)
\symboldoperators=\mathgroup4
\symboldletters=\mathgroup5
\symboldsymbols=\mathgroup6
LaTeX Font Info:    Redeclaring math alphabet \mathbf on input line 142.
LaTeX Info: Redefining \bm on input line 208.
)
(/usr/local/texlive/2016/texmf-dist/tex/latex/amsmath/amsmath.sty
Package: amsmath 2016/03/10 v2.15b AMS math features
\@mathmargin=\skip61

For additional information on amsmath, use the `?' option.
(/usr/local/texlive/2016/texmf-dist/tex/latex/amsmath/amstext.sty
Package: amstext 2000/06/29 v2.01 AMS text

(/usr/local/texlive/2016/texmf-dist/tex/latex/amsmath/amsgen.sty
File: amsgen.sty 1999/11/30 v2.0 generic functions
\@emptytoks=\toks19
\ex@=\dimen116
))
(/usr/local/texlive/2016/texmf-dist/tex/latex/amsmath/amsbsy.sty
Package: amsbsy 1999/11/29 v1.2d Bold Symbols
LaTeX Info: Redefining \boldsymbol on input line 28.
\pmbraise@=\dimen117
)
(/usr/local/texlive/2016/texmf-dist/tex/latex/amsmath/amsopn.sty
Package: amsopn 2016/03/08 v2.02 operator names
)
\inf@bad=\count98
LaTeX Info: Redefining \frac on input line 199.
\uproot@=\count99
\leftroot@=\count100
LaTeX Info: Redefining \overline on input line 297.
\classnum@=\count101
\DOTSCASE@=\count102
LaTeX Info: Redefining \ldots on input line 394.
LaTeX Info: Redefining \dots on input line 397.
LaTeX Info: Redefining \cdots on input line 518.
\Mathstrutbox@=\box30
\strutbox@=\box31
\big@size=\dimen118
LaTeX Font Info:    Redeclaring font encoding OML on input line 634.
LaTeX Font Info:    Redeclaring font encoding OMS on input line 635.
\macc@depth=\count103
\c@MaxMatrixCols=\count104
\dotsspace@=\muskip11
\c@parentequation=\count105
\dspbrk@lvl=\count106
\tag@help=\toks20
\row@=\count107
\column@=\count108
\maxfields@=\count109
\andhelp@=\toks21
\eqnshift@=\dimen119
\alignsep@=\dimen120
\tagshift@=\dimen121
\tagwidth@=\dimen122
\totwidth@=\dimen123
\lineht@=\dimen124
\@envbody=\toks22
\multlinegap=\skip62
\multlinetaggap=\skip63
\mathdisplay@stack=\toks23
LaTeX Info: Redefining \[ on input line 2739.
LaTeX Info: Redefining \] on input line 2740.
)
(/usr/local/texlive/2016/texmf-dist/tex/latex/amsfonts/amssymb.sty
Package: amssymb 2013/01/14 v3.01 AMS font symbols

(/usr/local/texlive/2016/texmf-dist/tex/latex/amsfonts/amsfonts.sty
Package: amsfonts 2013/01/14 v3.01 Basic AMSFonts support
\symAMSa=\mathgroup7
\symAMSb=\mathgroup8
LaTeX Font Info:    Overwriting math alphabet `\mathfrak' in version `bold'
(Font)                  U/euf/m/n --> U/euf/b/n on input line 106.
))
(/usr/local/texlive/2016/texmf-dist/tex/latex/carlisle/slashed.sty
Package: slashed 1997/01/16 v0.01 Feynman Slashed Character Notation (DPC)
)
(/usr/local/texlive/2016/texmf-dist/tex/latex/fancyvrb/fancyvrb.sty
Package: fancyvrb 2008/02/07

Style option: `fancyvrb' v2.7a, with DG/SPQR fixes, and firstline=lastline fix 
<2008/02/07> (tvz)
\FV@CodeLineNo=\count110
\FV@InFile=\read1
\FV@TabBox=\box32
\c@FancyVerbLine=\count111
\FV@StepNumber=\count112
\FV@OutFile=\write3
)
(/usr/local/texlive/2016/texmf-dist/tex/latex/tools/xspace.sty
Package: xspace 2014/10/28 v1.13 Space after command names (DPC,MH)
)
(./heppennames2.sty
Package: heppennames2 2011/06/05 Elementary Particle Naming Scheme - Version (1
.5)

(/usr/local/texlive/2016/texmf-dist/tex/latex/hepparticles/hepparticles.sty
Package: hepparticles 2014/12/01 HEP particle typesetting (v2.0)

(/usr/local/texlive/2016/texmf-dist/tex/latex/subdepth/subdepth.sty
Package: subdepth 2007/09/02 v0.1 Unify subscript depths
)
LaTeX Font Info:    Overwriting math alphabet `\mathup' in version `bold'
(Font)                  OT1/ptm/m/n --> T1/ptm/bx/n on input line 110.
LaTeX Font Info:    Overwriting math alphabet `\mathsfup' in version `bold'
(Font)                  OT1/cmss/m/n --> T1/cmss/bx/n on input line 113.
LaTeX Font Info:    Overwriting math alphabet `\mathsfit' in version `bold'
(Font)                  T1/cmss/m/sl --> T1/cmss/bx/sl on input line 116.
)
Declaring upgreek from Symbol scaled 90\%
\symugrf@m=\mathgroup9
LaTeX Info: Redefining \PGSpm on input line 331.
LaTeX Info: Redefining \PKst on input line 600.
LaTeX Info: Redefining \PBst on input line 711.
) (./cernchemsym.sty
Package: cernchemsym 2005/10/19 v.1.0 Chemical symbols
) (./cernunits.sty
Package: cernunits 2009/05/12 CERN units LaTeX style components (version 1.08)
) (/usr/local/texlive/2016/texmf-dist/tex/latex/jknapltx/mathrsfs.sty
Package: mathrsfs 1996/01/01 Math RSFS package v1.0 (jk)
\symrsfs=\mathgroup10
)
\c@instfoot=\count113
\Mylena=\skip64
\Mylenb=\skip65
\Mylenc=\skip66
)))
(./rep_common.sty
(/usr/local/texlive/2016/texmf-dist/tex/latex/geometry/geometry.sty
Package: geometry 2010/09/12 v5.6 Page Geometry

(/usr/local/texlive/2016/texmf-dist/tex/generic/oberdiek/ifvtex.sty
Package: ifvtex 2016/05/16 v1.6 Detect VTeX and its facilities (HO)
Package ifvtex Info: VTeX not detected.
)
(/usr/local/texlive/2016/texmf-dist/tex/generic/ifxetex/ifxetex.sty
Package: ifxetex 2010/09/12 v0.6 Provides ifxetex conditional
)
\Gm@cnth=\count114
\Gm@cntv=\count115
\c@Gm@tempcnt=\count116
\Gm@bindingoffset=\dimen125
\Gm@wd@mp=\dimen126
\Gm@odd@mp=\dimen127
\Gm@even@mp=\dimen128
\Gm@layoutwidth=\dimen129
\Gm@layoutheight=\dimen130
\Gm@layouthoffset=\dimen131
\Gm@layoutvoffset=\dimen132
\Gm@dimlist=\toks24
)
(/usr/local/texlive/2016/texmf-dist/tex/generic/beebe/texnames.sty
This is texnames.sty, Version 1.10 <02 March 1998>
) (/usr/local/texlive/2016/texmf-dist/tex/latex/base/fontenc.sty
Package: fontenc 2005/09/27 v1.99g Standard LaTeX package

(/usr/local/texlive/2016/texmf-dist/tex/latex/base/t1enc.def
File: t1enc.def 2005/09/27 v1.99g Standard LaTeX file
LaTeX Font Info:    Redeclaring font encoding T1 on input line 48.
))
(/usr/local/texlive/2016/texmf-dist/tex/latex/hepnames/hepnames.sty
Package: hepnames 2014/12/01 Pre-defined HEP particle symbols (version 2.0)

(/usr/local/texlive/2016/texmf-dist/tex/latex/hepnames/hepnicenames.sty
Package: hepnicenames 2014/12/01 Friendly alternatives to the PEN particle code
s (version 2.0)

(/usr/local/texlive/2016/texmf-dist/tex/latex/hepnames/heppennames.sty
Package: heppennames 2014/12/01 Elementary Particle Naming Scheme (version 2.0)

LaTeX Info: Redefining \PB on input line 58.
LaTeX Info: Redefining \PBpm on input line 59.
LaTeX Info: Redefining \PBp on input line 61.
LaTeX Info: Redefining \PBm on input line 62.
LaTeX Info: Redefining \PBz on input line 63.
LaTeX Info: Redefining \PBst on input line 64.
LaTeX Info: Redefining \PK on input line 77.
LaTeX Info: Redefining \PKpm on input line 78.
LaTeX Info: Redefining \PKmp on input line 79.
LaTeX Info: Redefining \PKm on input line 80.
LaTeX Info: Redefining \PKp on input line 81.
LaTeX Info: Redefining \PKz on input line 82.
LaTeX Info: Redefining \PKzL on input line 83.
LaTeX Info: Redefining \PKzS on input line 84.
LaTeX Info: Redefining \PKst on input line 85.
LaTeX Info: Redefining \PKeiii on input line 88.
LaTeX Info: Redefining \PKgmiii on input line 89.
LaTeX Info: Redefining \PKzeiii on input line 90.
LaTeX Info: Redefining \PKzgmiii on input line 91.
LaTeX Info: Redefining \PN on input line 104.
LaTeX Info: Redefining \Pg on input line 120.
LaTeX Info: Redefining \PW on input line 123.
LaTeX Info: Redefining \PWpm on input line 124.
LaTeX Info: Redefining \PWmp on input line 125.
LaTeX Info: Redefining \PWp on input line 126.
LaTeX Info: Redefining \PWm on input line 127.
LaTeX Info: Redefining \PWR on input line 128.
LaTeX Info: Redefining \PWpr on input line 129.
LaTeX Info: Redefining \PZ on input line 130.
LaTeX Info: Redefining \PZz on input line 131.
LaTeX Info: Redefining \PZpr on input line 132.
LaTeX Info: Redefining \PZLR on input line 133.
LaTeX Info: Redefining \PH on input line 141.
LaTeX Info: Redefining \PHz on input line 142.
LaTeX Info: Redefining \Ph on input line 143.
LaTeX Info: Redefining \Pf on input line 152.
LaTeX Info: Redefining \Pl on input line 160.
LaTeX Info: Redefining \Plpm on input line 161.
LaTeX Info: Redefining \Plp on input line 163.
LaTeX Info: Redefining \Plm on input line 164.
LaTeX Info: Redefining \Pe on input line 170.
LaTeX Info: Redefining \Pepm on input line 171.
LaTeX Info: Redefining \Pemp on input line 172.
LaTeX Info: Redefining \Pem on input line 173.
LaTeX Info: Redefining \Pep on input line 174.
LaTeX Info: Redefining \Pp on input line 224.
LaTeX Info: Redefining \Pn on input line 225.
LaTeX Info: Redefining \PD on input line 396.
LaTeX Info: Redefining \PDpm on input line 397.
LaTeX Info: Redefining \PDmp on input line 398.
LaTeX Info: Redefining \PDz on input line 399.
LaTeX Info: Redefining \PDm on input line 400.
LaTeX Info: Redefining \PDp on input line 401.
LaTeX Info: Redefining \PDst on input line 402.
LaTeX Info: Redefining \PDstpm on input line 415.
LaTeX Info: Redefining \PEz on input line 420.
LaTeX Info: Redefining \PLpm on input line 421.
LaTeX Info: Redefining \PLz on input line 423.
LaTeX Info: Redefining \PSH on input line 438.
LaTeX Info: Redefining \PSHp on input line 439.
LaTeX Info: Redefining \PSHm on input line 440.
LaTeX Info: Redefining \PSHpm on input line 441.
LaTeX Info: Redefining \PSW on input line 444.
LaTeX Info: Redefining \PSWp on input line 445.
LaTeX Info: Redefining \PSWm on input line 446.
LaTeX Info: Redefining \PSWpm on input line 447.
LaTeX Info: Redefining \PSZ on input line 449.
LaTeX Info: Redefining \PSZz on input line 450.
LaTeX Info: Redefining \PSe on input line 452.
LaTeX Info: Redefining \PSg on input line 463.
LaTeX Info: Redefining \PSl on input line 464.
)
LaTeX Info: Redefining \PBd on input line 59.
LaTeX Info: Redefining \PBu on input line 60.
LaTeX Info: Redefining \PBc on input line 61.
LaTeX Info: Redefining \PBs on input line 62.
LaTeX Info: Redefining \PDs on input line 276.
))
(/usr/local/texlive/2016/texmf-dist/tex/latex/lettrine/lettrine.sty
File: lettrine.sty 2015/08/31 v1.9 (Daniel Flipo)
\c@DefaultLines=\count117
\c@DefaultDepth=\count118
\DefaultFindent=\dimen133
\DefaultNindent=\dimen134
\DefaultSlope=\dimen135
\DiscardVskip=\dimen136
\L@lbox=\box33
\L@tbox=\box34
\c@L@lines=\count119
\c@L@depth=\count120
\L@Pindent=\dimen137
\L@Findent=\dimen138
\L@Nindent=\dimen139
\L@lraise=\dimen140
\L@first=\dimen141
\L@next=\dimen142
\L@slope=\dimen143
\L@height=\dimen144
\L@novskip=\dimen145
\LettrineWidth=\dimen146
\LettrineHeight=\dimen147
\LettrineDepth=\dimen148

Loading lettrine.cfg
(/usr/local/texlive/2016/texmf-dist/tex/latex/lettrine/lettrine.cfg))
(/usr/local/texlive/2016/texmf-dist/tex/latex/subfiles/subfiles.sty
Package: subfiles 2012/05/23 Federico Garcia

(/usr/local/texlive/2016/texmf-dist/tex/latex/tools/verbatim.sty
Package: verbatim 2014/10/28 v1.5q LaTeX2e package for verbatim enhancements
\every@verbatim=\toks25
\verbatim@line=\toks26
\verbatim@in@stream=\read2
))
(/usr/local/texlive/2016/texmf-dist/tex/generic/xstring/xstring.sty
(/usr/local/texlive/2016/texmf-dist/tex/generic/xstring/xstring.tex
\@xs@message=\write4
\integerpart=\count121
\decimalpart=\count122
)
Package: xstring 2013/10/13  v1.7c  String manipulations (C Tellechea)
)
(/usr/local/texlive/2016/texmf-dist/tex/latex/currfile/currfile.sty
Package: currfile 2015/04/23 v0.7c Provides the file path elements of the curre
nt input file

(/usr/local/texlive/2016/texmf-dist/tex/latex/oberdiek/kvoptions.sty
Package: kvoptions 2016/05/16 v3.12 Key value format for package options (HO)

(/usr/local/texlive/2016/texmf-dist/tex/generic/oberdiek/kvsetkeys.sty
Package: kvsetkeys 2016/05/16 v1.17 Key value parser (HO)

(/usr/local/texlive/2016/texmf-dist/tex/generic/oberdiek/etexcmds.sty
Package: etexcmds 2016/05/16 v1.6 Avoid name clashes with e-TeX commands (HO)

(/usr/local/texlive/2016/texmf-dist/tex/generic/oberdiek/ifluatex.sty
Package: ifluatex 2016/05/16 v1.4 Provides the ifluatex switch (HO)
Package ifluatex Info: LuaTeX not detected.
)
Package etexcmds Info: Could not find \expanded.
(etexcmds)             That can mean that you are not using pdfTeX 1.50 or
(etexcmds)             that some package has redefined \expanded.
(etexcmds)             In the latter case, load this package earlier.
)))
(/usr/local/texlive/2016/texmf-dist/tex/latex/filehook/filehook.sty
Package: filehook 2011/10/12 v0.5d Hooks for input files
)
\c@currfiledepth=\count123
)
(/usr/local/texlive/2016/texmf-dist/tex/latex/float/float.sty
Package: float 2001/11/08 v1.3d Float enhancements (AL)
\c@float@type=\count124
\float@exts=\toks27
\float@box=\box35
\@float@everytoks=\toks28
\@floatcapt=\box36
)
(/usr/local/texlive/2016/texmf-dist/tex/latex/subfig/subfig.sty
Package: subfig 2005/06/28 ver: 1.3 subfig package

(/usr/local/texlive/2016/texmf-dist/tex/latex/caption/caption3.sty
Package: caption3 2016/02/04 v1.7-139 caption3 kernel (AR)
Package caption3 Info: TeX engine: e-TeX on input line 67.
\captionmargin=\dimen149
\captionmargin@=\dimen150
\captionwidth=\dimen151
\caption@tempdima=\dimen152
\caption@indent=\dimen153
\caption@parindent=\dimen154
\caption@hangindent=\dimen155
Package caption Info: Unknown document class (or package),
(caption)             standard defaults will be used.
)
\c@KVtest=\count125
\sf@farskip=\skip67
\sf@captopadj=\dimen156
\sf@capskip=\skip68
\sf@nearskip=\skip69
\c@subfigure=\count126
\c@subfigure@save=\count127
\c@lofdepth=\count128
\c@subtable=\count129
\c@subtable@save=\count130
\c@lotdepth=\count131
\sf@top=\skip70
\sf@bottom=\skip71
)
(/usr/local/texlive/2016/texmf-dist/tex/latex/textgreek/textgreek.sty
Package: textgreek 2011/10/09 v0.7 Greek symbols in text
Package textgreek Info: Loading the definitions for the Greek fontencoding. on 
input line 39.

(/usr/local/texlive/2016/texmf-dist/tex/latex/greek-fontenc/lgrenc.def
File: lgrenc.def 2015/12/07 v0.13.1 LGR Greek font encoding definitions

(/usr/local/texlive/2016/texmf-dist/tex/latex/greek-fontenc/greek-fontenc.def
File: greek-fontenc.def 2015/08/04 v0.13 Common Greek font encoding definitions

))
Package textgreek Info: Loaded fontmap: {eur/*/*}{U/eur/*/*} {phv/*/*}{U/psy/*/
*}. on input line 69.
) (/usr/local/texlive/2016/texmf-dist/tex/latex/graphics/color.sty
Package: color 2016/05/09 v1.1c Standard LaTeX Color (DPC)

(/usr/local/texlive/2016/texmf-dist/tex/latex/graphics-cfg/color.cfg
File: color.cfg 2016/01/02 v1.6 sample color configuration
)
Package color Info: Driver file: pdftex.def on input line 144.
)
(/usr/local/texlive/2016/texmf-dist/tex/latex/soul/soul.sty
Package: soul 2003/11/17 v2.4 letterspacing/underlining (mf)
\SOUL@word=\toks29
\SOUL@lasttoken=\toks30
\SOUL@cmds=\toks31
\SOUL@buffer=\toks32
\SOUL@token=\toks33
\SOUL@spaceskip=\skip72
\SOUL@ttwidth=\dimen157
\SOUL@uldp=\dimen158
\SOUL@ulht=\dimen159
)
(/usr/local/texlive/2016/texmf-dist/tex/latex/todonotes/todonotes.sty
Package: todonotes 2015/07/09 .dtx Todonotes source and documentation.
Package: todonotes 2012/07/25

(/usr/local/texlive/2016/texmf-dist/tex/latex/xkeyval/xkeyval.sty
Package: xkeyval 2014/12/03 v2.7a package option processing (HA)

(/usr/local/texlive/2016/texmf-dist/tex/generic/xkeyval/xkeyval.tex
(/usr/local/texlive/2016/texmf-dist/tex/generic/xkeyval/xkvutils.tex
\XKV@toks=\toks34
\XKV@tempa@toks=\toks35
)
\XKV@depth=\count132
File: xkeyval.tex 2014/12/03 v2.7a key=value parser (HA)
))
(/usr/local/texlive/2016/texmf-dist/tex/latex/xcolor/xcolor.sty
Package: xcolor 2016/05/11 v2.12 LaTeX color extensions (UK)

(/usr/local/texlive/2016/texmf-dist/tex/latex/graphics-cfg/color.cfg
File: color.cfg 2016/01/02 v1.6 sample color configuration
)
Package xcolor Info: Driver file: pdftex.def on input line 225.
LaTeX Info: Redefining \color on input line 709.
Package xcolor Info: Model `cmy' substituted by `cmy0' on input line 1348.
Package xcolor Info: Model `hsb' substituted by `rgb' on input line 1352.
Package xcolor Info: Model `RGB' extended on input line 1364.
Package xcolor Info: Model `HTML' substituted by `rgb' on input line 1366.
Package xcolor Info: Model `Hsb' substituted by `hsb' on input line 1367.
Package xcolor Info: Model `tHsb' substituted by `hsb' on input line 1368.
Package xcolor Info: Model `HSB' substituted by `hsb' on input line 1369.
Package xcolor Info: Model `Gray' substituted by `gray' on input line 1370.
Package xcolor Info: Model `wave' substituted by `hsb' on input line 1371.
)
(/usr/local/texlive/2016/texmf-dist/tex/latex/pgf/frontendlayer/tikz.sty
(/usr/local/texlive/2016/texmf-dist/tex/latex/pgf/basiclayer/pgf.sty
(/usr/local/texlive/2016/texmf-dist/tex/latex/pgf/utilities/pgfrcs.sty
(/usr/local/texlive/2016/texmf-dist/tex/generic/pgf/utilities/pgfutil-common.te
x
\pgfutil@everybye=\toks36
\pgfutil@tempdima=\dimen160
\pgfutil@tempdimb=\dimen161

(/usr/local/texlive/2016/texmf-dist/tex/generic/pgf/utilities/pgfutil-common-li
sts.tex))
(/usr/local/texlive/2016/texmf-dist/tex/generic/pgf/utilities/pgfutil-latex.def
\pgfutil@abb=\box37
(/usr/local/texlive/2016/texmf-dist/tex/latex/ms/everyshi.sty
Package: everyshi 2001/05/15 v3.00 EveryShipout Package (MS)
))
(/usr/local/texlive/2016/texmf-dist/tex/generic/pgf/utilities/pgfrcs.code.tex
Package: pgfrcs 2015/08/07 v3.0.1a (rcs-revision 1.31)
))
Package: pgf 2015/08/07 v3.0.1a (rcs-revision 1.15)
(/usr/local/texlive/2016/texmf-dist/tex/latex/pgf/basiclayer/pgfcore.sty
(/usr/local/texlive/2016/texmf-dist/tex/latex/pgf/systemlayer/pgfsys.sty
(/usr/local/texlive/2016/texmf-dist/tex/generic/pgf/systemlayer/pgfsys.code.tex
Package: pgfsys 2014/07/09 v3.0.1a (rcs-revision 1.48)
(/usr/local/texlive/2016/texmf-dist/tex/generic/pgf/utilities/pgfkeys.code.tex
\pgfkeys@pathtoks=\toks37
\pgfkeys@temptoks=\toks38

(/usr/local/texlive/2016/texmf-dist/tex/generic/pgf/utilities/pgfkeysfiltered.c
ode.tex
\pgfkeys@tmptoks=\toks39
))
\pgf@x=\dimen162
\pgf@y=\dimen163
\pgf@xa=\dimen164
\pgf@ya=\dimen165
\pgf@xb=\dimen166
\pgf@yb=\dimen167
\pgf@xc=\dimen168
\pgf@yc=\dimen169
\w@pgf@writea=\write5
\r@pgf@reada=\read3
\c@pgf@counta=\count133
\c@pgf@countb=\count134
\c@pgf@countc=\count135
\c@pgf@countd=\count136
\t@pgf@toka=\toks40
\t@pgf@tokb=\toks41
\t@pgf@tokc=\toks42

(/usr/local/texlive/2016/texmf-dist/tex/generic/pgf/systemlayer/pgf.cfg
File: pgf.cfg 2008/05/14  (rcs-revision 1.7)
)
Driver file for pgf: pgfsys-pdftex.def

(/usr/local/texlive/2016/texmf-dist/tex/generic/pgf/systemlayer/pgfsys-pdftex.d
ef
File: pgfsys-pdftex.def 2014/10/11  (rcs-revision 1.35)

(/usr/local/texlive/2016/texmf-dist/tex/generic/pgf/systemlayer/pgfsys-common-p
df.def
File: pgfsys-common-pdf.def 2013/10/10  (rcs-revision 1.13)
)))
(/usr/local/texlive/2016/texmf-dist/tex/generic/pgf/systemlayer/pgfsyssoftpath.
code.tex
File: pgfsyssoftpath.code.tex 2013/09/09  (rcs-revision 1.9)
\pgfsyssoftpath@smallbuffer@items=\count137
\pgfsyssoftpath@bigbuffer@items=\count138
)
(/usr/local/texlive/2016/texmf-dist/tex/generic/pgf/systemlayer/pgfsysprotocol.
code.tex
File: pgfsysprotocol.code.tex 2006/10/16  (rcs-revision 1.4)
))
(/usr/local/texlive/2016/texmf-dist/tex/generic/pgf/basiclayer/pgfcore.code.tex
Package: pgfcore 2010/04/11 v3.0.1a (rcs-revision 1.7)
(/usr/local/texlive/2016/texmf-dist/tex/generic/pgf/math/pgfmath.code.tex
(/usr/local/texlive/2016/texmf-dist/tex/generic/pgf/math/pgfmathcalc.code.tex
(/usr/local/texlive/2016/texmf-dist/tex/generic/pgf/math/pgfmathutil.code.tex)
(/usr/local/texlive/2016/texmf-dist/tex/generic/pgf/math/pgfmathparser.code.tex
\pgfmath@dimen=\dimen170
\pgfmath@count=\count139
\pgfmath@box=\box38
\pgfmath@toks=\toks43
\pgfmath@stack@operand=\toks44
\pgfmath@stack@operation=\toks45
)
(/usr/local/texlive/2016/texmf-dist/tex/generic/pgf/math/pgfmathfunctions.code.
tex
(/usr/local/texlive/2016/texmf-dist/tex/generic/pgf/math/pgfmathfunctions.basic
.code.tex)
(/usr/local/texlive/2016/texmf-dist/tex/generic/pgf/math/pgfmathfunctions.trigo
nometric.code.tex)
(/usr/local/texlive/2016/texmf-dist/tex/generic/pgf/math/pgfmathfunctions.rando
m.code.tex)
(/usr/local/texlive/2016/texmf-dist/tex/generic/pgf/math/pgfmathfunctions.compa
rison.code.tex)
(/usr/local/texlive/2016/texmf-dist/tex/generic/pgf/math/pgfmathfunctions.base.
code.tex)
(/usr/local/texlive/2016/texmf-dist/tex/generic/pgf/math/pgfmathfunctions.round
.code.tex)
(/usr/local/texlive/2016/texmf-dist/tex/generic/pgf/math/pgfmathfunctions.misc.
code.tex)
(/usr/local/texlive/2016/texmf-dist/tex/generic/pgf/math/pgfmathfunctions.integ
erarithmetics.code.tex)))
(/usr/local/texlive/2016/texmf-dist/tex/generic/pgf/math/pgfmathfloat.code.tex
\c@pgfmathroundto@lastzeros=\count140
))
(/usr/local/texlive/2016/texmf-dist/tex/generic/pgf/basiclayer/pgfcorepoints.co
de.tex
File: pgfcorepoints.code.tex 2013/10/07  (rcs-revision 1.27)
\pgf@picminx=\dimen171
\pgf@picmaxx=\dimen172
\pgf@picminy=\dimen173
\pgf@picmaxy=\dimen174
\pgf@pathminx=\dimen175
\pgf@pathmaxx=\dimen176
\pgf@pathminy=\dimen177
\pgf@pathmaxy=\dimen178
\pgf@xx=\dimen179
\pgf@xy=\dimen180
\pgf@yx=\dimen181
\pgf@yy=\dimen182
\pgf@zx=\dimen183
\pgf@zy=\dimen184
)
(/usr/local/texlive/2016/texmf-dist/tex/generic/pgf/basiclayer/pgfcorepathconst
ruct.code.tex
File: pgfcorepathconstruct.code.tex 2013/10/07  (rcs-revision 1.29)
\pgf@path@lastx=\dimen185
\pgf@path@lasty=\dimen186
)
(/usr/local/texlive/2016/texmf-dist/tex/generic/pgf/basiclayer/pgfcorepathusage
.code.tex
File: pgfcorepathusage.code.tex 2014/11/02  (rcs-revision 1.24)
\pgf@shorten@end@additional=\dimen187
\pgf@shorten@start@additional=\dimen188
)
(/usr/local/texlive/2016/texmf-dist/tex/generic/pgf/basiclayer/pgfcorescopes.co
de.tex
File: pgfcorescopes.code.tex 2015/05/08  (rcs-revision 1.46)
\pgfpic=\box39
\pgf@hbox=\box40
\pgf@layerbox@main=\box41
\pgf@picture@serial@count=\count141
)
(/usr/local/texlive/2016/texmf-dist/tex/generic/pgf/basiclayer/pgfcoregraphicst
ate.code.tex
File: pgfcoregraphicstate.code.tex 2014/11/02  (rcs-revision 1.12)
\pgflinewidth=\dimen189
)
(/usr/local/texlive/2016/texmf-dist/tex/generic/pgf/basiclayer/pgfcoretransform
ations.code.tex
File: pgfcoretransformations.code.tex 2015/08/07  (rcs-revision 1.20)
\pgf@pt@x=\dimen190
\pgf@pt@y=\dimen191
\pgf@pt@temp=\dimen192
)
(/usr/local/texlive/2016/texmf-dist/tex/generic/pgf/basiclayer/pgfcorequick.cod
e.tex
File: pgfcorequick.code.tex 2008/10/09  (rcs-revision 1.3)
)
(/usr/local/texlive/2016/texmf-dist/tex/generic/pgf/basiclayer/pgfcoreobjects.c
ode.tex
File: pgfcoreobjects.code.tex 2006/10/11  (rcs-revision 1.2)
)
(/usr/local/texlive/2016/texmf-dist/tex/generic/pgf/basiclayer/pgfcorepathproce
ssing.code.tex
File: pgfcorepathprocessing.code.tex 2013/09/09  (rcs-revision 1.9)
)
(/usr/local/texlive/2016/texmf-dist/tex/generic/pgf/basiclayer/pgfcorearrows.co
de.tex
File: pgfcorearrows.code.tex 2015/05/14  (rcs-revision 1.43)
\pgfarrowsep=\dimen193
)
(/usr/local/texlive/2016/texmf-dist/tex/generic/pgf/basiclayer/pgfcoreshade.cod
e.tex
File: pgfcoreshade.code.tex 2013/07/15  (rcs-revision 1.15)
\pgf@max=\dimen194
\pgf@sys@shading@range@num=\count142
)
(/usr/local/texlive/2016/texmf-dist/tex/generic/pgf/basiclayer/pgfcoreimage.cod
e.tex
File: pgfcoreimage.code.tex 2013/07/15  (rcs-revision 1.18)

(/usr/local/texlive/2016/texmf-dist/tex/generic/pgf/basiclayer/pgfcoreexternal.
code.tex
File: pgfcoreexternal.code.tex 2014/07/09  (rcs-revision 1.21)
\pgfexternal@startupbox=\box42
))
(/usr/local/texlive/2016/texmf-dist/tex/generic/pgf/basiclayer/pgfcorelayers.co
de.tex
File: pgfcorelayers.code.tex 2013/07/18  (rcs-revision 1.7)
)
(/usr/local/texlive/2016/texmf-dist/tex/generic/pgf/basiclayer/pgfcoretranspare
ncy.code.tex
File: pgfcoretransparency.code.tex 2013/09/30  (rcs-revision 1.5)
)
(/usr/local/texlive/2016/texmf-dist/tex/generic/pgf/basiclayer/pgfcorepatterns.
code.tex
File: pgfcorepatterns.code.tex 2013/11/07  (rcs-revision 1.5)
)))
(/usr/local/texlive/2016/texmf-dist/tex/generic/pgf/modules/pgfmoduleshapes.cod
e.tex
File: pgfmoduleshapes.code.tex 2014/03/21  (rcs-revision 1.35)
\pgfnodeparttextbox=\box43
)
(/usr/local/texlive/2016/texmf-dist/tex/generic/pgf/modules/pgfmoduleplot.code.
tex
File: pgfmoduleplot.code.tex 2015/08/03  (rcs-revision 1.13)
)
(/usr/local/texlive/2016/texmf-dist/tex/latex/pgf/compatibility/pgfcomp-version
-0-65.sty
Package: pgfcomp-version-0-65 2007/07/03 v3.0.1a (rcs-revision 1.7)
\pgf@nodesepstart=\dimen195
\pgf@nodesepend=\dimen196
)
(/usr/local/texlive/2016/texmf-dist/tex/latex/pgf/compatibility/pgfcomp-version
-1-18.sty
Package: pgfcomp-version-1-18 2007/07/23 v3.0.1a (rcs-revision 1.1)
))
(/usr/local/texlive/2016/texmf-dist/tex/latex/pgf/utilities/pgffor.sty
(/usr/local/texlive/2016/texmf-dist/tex/latex/pgf/utilities/pgfkeys.sty
(/usr/local/texlive/2016/texmf-dist/tex/generic/pgf/utilities/pgfkeys.code.tex)
) (/usr/local/texlive/2016/texmf-dist/tex/latex/pgf/math/pgfmath.sty
(/usr/local/texlive/2016/texmf-dist/tex/generic/pgf/math/pgfmath.code.tex))
(/usr/local/texlive/2016/texmf-dist/tex/generic/pgf/utilities/pgffor.code.tex
Package: pgffor 2013/12/13 v3.0.1a (rcs-revision 1.25)

(/usr/local/texlive/2016/texmf-dist/tex/generic/pgf/math/pgfmath.code.tex)
\pgffor@iter=\dimen197
\pgffor@skip=\dimen198
\pgffor@stack=\toks46
\pgffor@toks=\toks47
))
(/usr/local/texlive/2016/texmf-dist/tex/generic/pgf/frontendlayer/tikz/tikz.cod
e.tex
Package: tikz 2015/08/07 v3.0.1a (rcs-revision 1.151)

(/usr/local/texlive/2016/texmf-dist/tex/generic/pgf/libraries/pgflibraryplothan
dlers.code.tex
File: pgflibraryplothandlers.code.tex 2013/08/31 v3.0.1a (rcs-revision 1.20)
\pgf@plot@mark@count=\count143
\pgfplotmarksize=\dimen199
)
\tikz@lastx=\dimen256
\tikz@lasty=\dimen257
\tikz@lastxsaved=\dimen258
\tikz@lastysaved=\dimen259
\tikzleveldistance=\dimen260
\tikzsiblingdistance=\dimen261
\tikz@figbox=\box44
\tikz@figbox@bg=\box45
\tikz@tempbox=\box46
\tikz@tempbox@bg=\box47
\tikztreelevel=\count144
\tikznumberofchildren=\count145
\tikznumberofcurrentchild=\count146
\tikz@fig@count=\count147

(/usr/local/texlive/2016/texmf-dist/tex/generic/pgf/modules/pgfmodulematrix.cod
e.tex
File: pgfmodulematrix.code.tex 2013/09/17  (rcs-revision 1.8)
\pgfmatrixcurrentrow=\count148
\pgfmatrixcurrentcolumn=\count149
\pgf@matrix@numberofcolumns=\count150
)
\tikz@expandcount=\count151

(/usr/local/texlive/2016/texmf-dist/tex/generic/pgf/frontendlayer/tikz/librarie
s/tikzlibrarytopaths.code.tex
File: tikzlibrarytopaths.code.tex 2008/06/17 v3.0.1a (rcs-revision 1.2)
)))
(/usr/local/texlive/2016/texmf-dist/tex/generic/pgf/frontendlayer/tikz/librarie
s/tikzlibrarypositioning.code.tex
File: tikzlibrarypositioning.code.tex 2008/10/06 v3.0.1a (rcs-revision 1.7)
)
\c@@todonotes@numberoftodonotes=\count152
)
(/usr/local/texlive/2016/texmf-dist/tex/latex/appendix/appendix.sty
Package: appendix 2009/09/02 v1.2b extra appendix facilities
\c@@pps=\count153
\c@@ppsavesec=\count154
\c@@ppsaveapp=\count155
)
\@float@every@Table=\toks48
\c@Table=\count156
\@float@every@Figure=\toks49
\c@Figure=\count157
\c@subFigure=\count158
\c@subFigure@save=\count159
\c@loFdepth=\count160
)
(/usr/local/texlive/2016/texmf-dist/tex/latex/tabulary/tabulary.sty
Package: tabulary 2014/06/11 v0.10 tabulary package (DPC)
\TY@count=\count161
\TY@linewidth=\dimen262
\tymin=\dimen263
\tymax=\dimen264
\TY@tablewidth=\dimen265
)
(/usr/local/texlive/2016/texmf-dist/tex/latex/hyperref/hyperref.sty
Package: hyperref 2016/05/05 v6.83n Hypertext links for LaTeX

(/usr/local/texlive/2016/texmf-dist/tex/generic/oberdiek/hobsub-hyperref.sty
Package: hobsub-hyperref 2016/05/16 v1.14 Bundle oberdiek, subset hyperref (HO)


(/usr/local/texlive/2016/texmf-dist/tex/generic/oberdiek/hobsub-generic.sty
Package: hobsub-generic 2016/05/16 v1.14 Bundle oberdiek, subset generic (HO)
Package: hobsub 2016/05/16 v1.14 Construct package bundles (HO)
Package hobsub Info: Skipping package `infwarerr' (already loaded).
Package hobsub Info: Skipping package `ltxcmds' (already loaded).
Package hobsub Info: Skipping package `ifluatex' (already loaded).
Package hobsub Info: Skipping package `ifvtex' (already loaded).
Package: intcalc 2016/05/16 v1.2 Expandable calculations with integers (HO)
Package hobsub Info: Skipping package `ifpdf' (already loaded).
Package hobsub Info: Skipping package `etexcmds' (already loaded).
Package hobsub Info: Skipping package `kvsetkeys' (already loaded).
Package: kvdefinekeys 2016/05/16 v1.4 Define keys (HO)
Package: pdftexcmds 2016/05/10 v0.21 Utility functions of pdfTeX for LuaTeX (HO
)
Package pdftexcmds Info: LuaTeX not detected.
Package pdftexcmds Info: \pdf@primitive is available.
Package pdftexcmds Info: \pdf@ifprimitive is available.
Package pdftexcmds Info: \pdfdraftmode found.
Package: pdfescape 2016/05/16 v1.14 Implements pdfTeX's escape features (HO)
Package: bigintcalc 2016/05/16 v1.4 Expandable calculations on big integers (HO
)
Package: bitset 2016/05/16 v1.2 Handle bit-vector datatype (HO)
Package: uniquecounter 2016/05/16 v1.3 Provide unlimited unique counter (HO)
)
Package hobsub Info: Skipping package `hobsub' (already loaded).
Package: letltxmacro 2016/05/16 v1.5 Let assignment for LaTeX macros (HO)
Package: hopatch 2016/05/16 v1.3 Wrapper for package hooks (HO)
Package: xcolor-patch 2016/05/16 xcolor patch
Package: atveryend 2016/05/16 v1.9 Hooks at the very end of document (HO)
Package atveryend Info: \enddocument detected (standard20110627).
Package: atbegshi 2016/05/16 v1.17 At begin shipout hook (HO)
Package: refcount 2016/05/16 v3.5 Data extraction from label references (HO)
Package: hycolor 2016/05/16 v1.8 Color options for hyperref/bookmark (HO)
)
(/usr/local/texlive/2016/texmf-dist/tex/latex/oberdiek/auxhook.sty
Package: auxhook 2016/05/16 v1.4 Hooks for auxiliary files (HO)
)
\@linkdim=\dimen266
\Hy@linkcounter=\count162
\Hy@pagecounter=\count163

(/usr/local/texlive/2016/texmf-dist/tex/latex/hyperref/pd1enc.def
File: pd1enc.def 2016/05/05 v6.83n Hyperref: PDFDocEncoding definition (HO)
)
\Hy@SavedSpaceFactor=\count164

(/usr/local/texlive/2016/texmf-dist/tex/latex/latexconfig/hyperref.cfg
File: hyperref.cfg 2002/06/06 v1.2 hyperref configuration of TeXLive
)
Package hyperref Info: Option `colorlinks' set `true' on input line 4322.
Package hyperref Info: Option `plainpages' set `false' on input line 4322.
Package hyperref Info: Hyper figures OFF on input line 4446.
Package hyperref Info: Link nesting OFF on input line 4451.
Package hyperref Info: Hyper index ON on input line 4454.
Package hyperref Info: Plain pages OFF on input line 4461.
Package hyperref Info: Backreferencing OFF on input line 4466.
Package hyperref Info: Implicit mode ON; LaTeX internals redefined.
Package hyperref Info: Bookmarks ON on input line 4691.
\c@Hy@tempcnt=\count165
LaTeX Info: Redefining \url on input line 5044.
\XeTeXLinkMargin=\dimen267
\Fld@menulength=\count166
\Field@Width=\dimen268
\Fld@charsize=\dimen269
Package hyperref Info: Hyper figures OFF on input line 6298.
Package hyperref Info: Link nesting OFF on input line 6303.
Package hyperref Info: Hyper index ON on input line 6306.
Package hyperref Info: backreferencing OFF on input line 6313.
Package hyperref Info: Link coloring ON on input line 6316.
Package hyperref Info: Link coloring with OCG OFF on input line 6323.
Package hyperref Info: PDF/A mode OFF on input line 6328.
LaTeX Info: Redefining \ref on input line 6368.
LaTeX Info: Redefining \pageref on input line 6372.
\Hy@abspage=\count167
\c@Item=\count168
\c@Hfootnote=\count169
)

Package hyperref Message: Driver (autodetected): hpdftex.

(/usr/local/texlive/2016/texmf-dist/tex/latex/hyperref/hpdftex.def
File: hpdftex.def 2016/05/05 v6.83n Hyperref driver for pdfTeX
\Fld@listcount=\count170
\c@bookmark@seq@number=\count171

(/usr/local/texlive/2016/texmf-dist/tex/latex/oberdiek/rerunfilecheck.sty
Package: rerunfilecheck 2016/05/16 v1.8 Rerun checks for auxiliary files (HO)
Package uniquecounter Info: New unique counter `rerunfilecheck' on input line 2
82.
)
\Hy@SectionHShift=\skip73
)
(./report.aux)
\openout1 = `report.aux'.

LaTeX Font Info:    Checking defaults for OML/cmm/m/it on input line 245.
LaTeX Font Info:    ... okay on input line 245.
LaTeX Font Info:    Checking defaults for T1/cmr/m/n on input line 245.
LaTeX Font Info:    ... okay on input line 245.
LaTeX Font Info:    Checking defaults for OT1/cmr/m/n on input line 245.
LaTeX Font Info:    ... okay on input line 245.
LaTeX Font Info:    Checking defaults for OMS/cmsy/m/n on input line 245.
LaTeX Font Info:    ... okay on input line 245.
LaTeX Font Info:    Checking defaults for OMX/cmex/m/n on input line 245.
LaTeX Font Info:    ... okay on input line 245.
LaTeX Font Info:    Checking defaults for U/cmr/m/n on input line 245.
LaTeX Font Info:    ... okay on input line 245.
LaTeX Font Info:    Checking defaults for TS1/cmr/m/n on input line 245.
LaTeX Font Info:    Try loading font information for TS1+cmr on input line 245.

 (/usr/local/texlive/2016/texmf-dist/tex/latex/base/ts1cmr.fd
File: ts1cmr.fd 2014/09/29 v2.5h Standard LaTeX font definitions
)
LaTeX Font Info:    ... okay on input line 245.
LaTeX Font Info:    Checking defaults for LGR/cmr/m/n on input line 245.
LaTeX Font Info:    Try loading font information for LGR+cmr on input line 245.


(/usr/local/texlive/2016/texmf-dist/tex/latex/cbfonts-fd/lgrcmr.fd
File: lgrcmr.fd 2016/03/04 v1.1 Greek European Computer Regular
)
LaTeX Font Info:    ... okay on input line 245.
LaTeX Font Info:    Checking defaults for PD1/pdf/m/n on input line 245.
LaTeX Font Info:    ... okay on input line 245.
LaTeX Font Info:    Try loading font information for T1+ptm on input line 245.

(/usr/local/texlive/2016/texmf-dist/tex/latex/psnfss/t1ptm.fd
File: t1ptm.fd 2001/06/04 font definitions for T1/ptm.
)
(/usr/local/texlive/2016/texmf-dist/tex/context/base/mkii/supp-pdf.mkii
[Loading MPS to PDF converter (version 2006.09.02).]
\scratchcounter=\count172
\scratchdimen=\dimen270
\scratchbox=\box48
\nofMPsegments=\count173
\nofMParguments=\count174
\everyMPshowfont=\toks50
\MPscratchCnt=\count175
\MPscratchDim=\dimen271
\MPnumerator=\count176
\makeMPintoPDFobject=\count177
\everyMPtoPDFconversion=\toks51
) (/usr/local/texlive/2016/texmf-dist/tex/latex/oberdiek/epstopdf-base.sty
Package: epstopdf-base 2016/05/15 v2.6 Base part for package epstopdf

(/usr/local/texlive/2016/texmf-dist/tex/latex/oberdiek/grfext.sty
Package: grfext 2016/05/16 v1.2 Manage graphics extensions (HO)
)
Package grfext Info: Graphics extension search list:
(grfext)             [.png,.pdf,.jpg,.mps,.jpeg,.jbig2,.jb2,.PNG,.PDF,.JPG,.JPE
G,.JBIG2,.JB2,.eps]
(grfext)             \AppendGraphicsExtensions on input line 456.

(/usr/local/texlive/2016/texmf-dist/tex/latex/latexconfig/epstopdf-sys.cfg
File: epstopdf-sys.cfg 2010/07/13 v1.3 Configuration of (r)epstopdf for TeX Liv
e
))
*geometry* driver: auto-detecting
*geometry* detected driver: pdftex
*geometry* verbose mode - [ preamble ] result:
* driver: pdftex
* paper: a4paper
* layout: <same size as paper>
* layoutoffset:(h,v)=(0.0pt,0.0pt)
* modes: twoside 
* h-part:(L,W,R)=(85.35826pt, 455.24411pt, 56.9055pt)
* v-part:(T,H,B)=(85.35826pt, 682.86624pt, 76.82234pt)
* \paperwidth=597.50787pt
* \paperheight=845.04684pt
* \textwidth=455.24411pt
* \textheight=682.86624pt
* \oddsidemargin=13.08827pt
* \evensidemargin=-15.36449pt
* \topmargin=-25.91173pt
* \headheight=14.0pt
* \headsep=25.0pt
* \topskip=11.0pt
* \footskip=30.0pt
* \marginparwidth=56.9055pt
* \marginparsep=10.0pt
* \columnsep=10.0pt
* \skip\footins=10.0pt plus 4.0pt minus 2.0pt
* \hoffset=0.0pt
* \voffset=0.0pt
* \mag=1000
* \@twocolumnfalse
* \@twosidetrue
* \@mparswitchtrue
* \@reversemargintrue
* (1in=72.27pt=25.4mm, 1cm=28.453pt)

Package caption Info: Begin \AtBeginDocument code.
Package caption Info: subfig package v1.3 is loaded.
Package caption Info: End \AtBeginDocument code.
ABD: EveryShipout initializing macros
\AtBeginShipoutBox=\box49
Package hyperref Info: Link coloring ON on input line 245.

(/usr/local/texlive/2016/texmf-dist/tex/latex/hyperref/nameref.sty
Package: nameref 2012/10/27 v2.43 Cross-referencing by name of section

(/usr/local/texlive/2016/texmf-dist/tex/generic/oberdiek/gettitlestring.sty
Package: gettitlestring 2016/05/16 v1.5 Cleanup title references (HO)
)
\c@section@level=\count178
)
LaTeX Info: Redefining \ref on input line 245.
LaTeX Info: Redefining \pageref on input line 245.
LaTeX Info: Redefining \nameref on input line 245.

(./report.out) (./report.out)
\@outlinefile=\write6
\openout6 = `report.out'.

 (./titlepage.tex (./authors_sorted.tex)
LaTeX Font Info:    Try loading font information for U+msa on input line 20.

(/usr/local/texlive/2016/texmf-dist/tex/latex/amsfonts/umsa.fd
File: umsa.fd 2013/01/14 v3.01 AMS symbols A
)
LaTeX Font Info:    Try loading font information for U+msb on input line 20.

(/usr/local/texlive/2016/texmf-dist/tex/latex/amsfonts/umsb.fd
File: umsb.fd 2013/01/14 v3.01 AMS symbols B
)
LaTeX Font Info:    Font shape `U/fsy/m/n' will be
(Font)              scaled to size 9.85492pt on input line 20.
LaTeX Font Info:    Font shape `U/fsy/m/n' will be
(Font)              scaled to size 7.19995pt on input line 20.
LaTeX Font Info:    Font shape `U/fsy/m/n' will be
(Font)              scaled to size 5.39996pt on input line 20.
LaTeX Font Info:    Try loading font information for U+rsfs on input line 20.

(/usr/local/texlive/2016/texmf-dist/tex/latex/jknapltx/ursfs.fd
File: ursfs.fd 1998/03/24 rsfs font definition file (jk)
)
<cern.jpg, id=39, 1284.8pt x 1256.695pt>
File: cern.jpg Graphic file (type jpg)
 <use cern.jpg>
Package pdftex.def Info: cern.jpg used on input line 21.
(pdftex.def)             Requested size: 63.73389pt x 62.32068pt.
LaTeX Font Info:    Font shape `T1/ptm/bx/n' in size <14.4> not available
(Font)              Font shape `T1/ptm/b/n' tried instead on input line 33.
LaTeX Font Info:    Font shape `T1/ptm/bx/n' in size <20.74> not available
(Font)              Font shape `T1/ptm/b/n' tried instead on input line 33.
LaTeX Font Info:    Font shape `U/fsy/m/n' will be
(Font)              scaled to size 12.9599pt on input line 33.
LaTeX Font Info:    Font shape `U/fsy/m/n' will be
(Font)              scaled to size 8.99994pt on input line 33.
LaTeX Font Info:    Font shape `U/fsy/m/n' will be
(Font)              scaled to size 6.29996pt on input line 33.

Underfull \hbox (badness 10000) in paragraph at lines 33--33

 []

[1

{/usr/local/texlive/2016/texmf-var/fonts/map/pdftex/updmap/pdftex.map} <./cern.
jpg>]
Underfull \vbox (badness 10000) has occurred while \output is active []

 [2]
Underfull \vbox (badness 10000) has occurred while \output is active []

 [3]
LaTeX Font Info:    Font shape `T1/ptm/bx/n' in size <10.95> not available
(Font)              Font shape `T1/ptm/b/n' tried instead on input line 37.

[4]) (./report.toc)
\tf@toc=\write7
\openout7 = `report.toc'.

 [5] (./section7OtherSignatures/section.tex
LaTeX Font Info:    Font shape `T1/ptm/bx/n' in size <12> not available
(Font)              Font shape `T1/ptm/b/n' tried instead on input line 9.

(./section7OtherSignatures/sub727.tex
LaTeX Font Info:    Font shape `T1/ptm/bx/it' in size <10.95> not available
(Font)              Font shape `T1/ptm/b/it' tried instead on input line 1.


Package hyperref Warning: Token not allowed in a PDF string (PDFDocEncoding):
(hyperref)                removing `math shift' on input line 1.


Package hyperref Warning: Token not allowed in a PDF string (PDFDocEncoding):
(hyperref)                removing `\mu' on input line 1.


Package hyperref Warning: Token not allowed in a PDF string (PDFDocEncoding):
(hyperref)                removing `\mu' on input line 1.


Package hyperref Warning: Token not allowed in a PDF string (PDFDocEncoding):
(hyperref)                removing `\tau' on input line 1.


Package hyperref Warning: Token not allowed in a PDF string (PDFDocEncoding):
(hyperref)                removing `\tau' on input line 1.


Package hyperref Warning: Token not allowed in a PDF string (PDFDocEncoding):
(hyperref)                removing `math shift' on input line 1.


Package hyperref Warning: Token not allowed in a PDF string (PDFDocEncoding):
(hyperref)                removing `math shift' on input line 1.


Package hyperref Warning: Token not allowed in a PDF string (PDFDocEncoding):
(hyperref)                removing `superscript' on input line 1.


Package hyperref Warning: Token not allowed in a PDF string (PDFDocEncoding):
(hyperref)                removing `math shift' on input line 1.

LaTeX Font Info:    Font shape `T1/ptm/bx/n' in size <8> not available
(Font)              Font shape `T1/ptm/b/n' tried instead on input line 3.
LaTeX Font Info:    Font shape `U/fsy/m/n' will be
(Font)              scaled to size 4.49997pt on input line 3.
LaTeX Font Info:    Font shape `U/fsy/m/n' will be
(Font)              scaled to size 8.09995pt on input line 45.
LaTeX Font Info:    Font shape `T1/ptm/bx/n' in size <10> not available
(Font)              Font shape `T1/ptm/b/n' tried instead on input line 61.
Package epstopdf Info: Source file: <./section7OtherSignatures/img/Zpee_mzp_sel
0_nostack_log.eps>
(epstopdf)                    date: 2018-11-28 08:30:16
(epstopdf)                    size: 27915 bytes
(epstopdf)             Output file: <./section7OtherSignatures/img/Zpee_mzp_sel
0_nostack_log-eps-converted-to.pdf>
(epstopdf)                    date: 2018-11-28 08:30:16
(epstopdf)                    size: 15409 bytes
(epstopdf)             Command: <repstopdf --outfile=./section7OtherSignatures/
img/Zpee_mzp_sel0_nostack_log-eps-converted-to.pdf ./section7OtherSignatures/im
g/Zpee_mzp_sel0_nostack_log.eps>
(epstopdf)             \includegraphics on input line 68.
Package epstopdf Info: Output file is already uptodate.

<./section7OtherSignatures/img/Zpee_mzp_sel0_nostack_log-eps-converted-to.pdf, 
id=88, 569.12625pt x 546.04pt>
File: ./section7OtherSignatures/img/Zpee_mzp_sel0_nostack_log-eps-converted-to.
pdf Graphic file (type pdf)

<use ./section7OtherSignatures/img/Zpee_mzp_sel0_nostack_log-eps-converted-to.p
df>
Package pdftex.def Info: ./section7OtherSignatures/img/Zpee_mzp_sel0_nostack_lo
g-eps-converted-to.pdf used on input line 68.
(pdftex.def)             Requested size: 145.68144pt x 139.77576pt.
Package epstopdf Info: Source file: <./section7OtherSignatures/img/Zpmumu_mzp_s
el0_nostack_log.eps>
(epstopdf)                    date: 2018-11-28 08:30:16
(epstopdf)                    size: 27472 bytes
(epstopdf)             Output file: <./section7OtherSignatures/img/Zpmumu_mzp_s
el0_nostack_log-eps-converted-to.pdf>
(epstopdf)                    date: 2018-11-28 08:30:16
(epstopdf)                    size: 15436 bytes
(epstopdf)             Command: <repstopdf --outfile=./section7OtherSignatures/
img/Zpmumu_mzp_sel0_nostack_log-eps-converted-to.pdf ./section7OtherSignatures/
img/Zpmumu_mzp_sel0_nostack_log.eps>
(epstopdf)             \includegraphics on input line 69.
Package epstopdf Info: Output file is already uptodate.

<./section7OtherSignatures/img/Zpmumu_mzp_sel0_nostack_log-eps-converted-to.pdf
, id=89, 569.12625pt x 546.04pt>
File: ./section7OtherSignatures/img/Zpmumu_mzp_sel0_nostack_log-eps-converted-t
o.pdf Graphic file (type pdf)

<use ./section7OtherSignatures/img/Zpmumu_mzp_sel0_nostack_log-eps-converted-to
.pdf>
Package pdftex.def Info: ./section7OtherSignatures/img/Zpmumu_mzp_sel0_nostack_
log-eps-converted-to.pdf used on input line 69.
(pdftex.def)             Requested size: 145.68144pt x 139.77576pt.
Package epstopdf Info: Source file: <./section7OtherSignatures/img/Zptautau_mt_
sel0_nostack_log.eps>
(epstopdf)                    date: 2018-11-28 08:30:15
(epstopdf)                    size: 27862 bytes
(epstopdf)             Output file: <./section7OtherSignatures/img/Zptautau_mt_
sel0_nostack_log-eps-converted-to.pdf>
(epstopdf)                    date: 2018-11-28 08:30:16
(epstopdf)                    size: 15802 bytes
(epstopdf)             Command: <repstopdf --outfile=./section7OtherSignatures/
img/Zptautau_mt_sel0_nostack_log-eps-converted-to.pdf ./section7OtherSignatures
/img/Zptautau_mt_sel0_nostack_log.eps>
(epstopdf)             \includegraphics on input line 70.
Package epstopdf Info: Output file is already uptodate.

<./section7OtherSignatures/img/Zptautau_mt_sel0_nostack_log-eps-converted-to.pd
f, id=90, 569.12625pt x 546.04pt>
File: ./section7OtherSignatures/img/Zptautau_mt_sel0_nostack_log-eps-converted-
to.pdf Graphic file (type pdf)

<use ./section7OtherSignatures/img/Zptautau_mt_sel0_nostack_log-eps-converted-t
o.pdf>
Package pdftex.def Info: ./section7OtherSignatures/img/Zptautau_mt_sel0_nostack
_log-eps-converted-to.pdf used on input line 70.
(pdftex.def)             Requested size: 145.68144pt x 139.77576pt.
 [6]
Package epstopdf Info: Source file: <./section7OtherSignatures/img/lim_Zprime_l
l_helhc_v01_allxs.eps>
(epstopdf)                    date: 2018-11-28 09:59:48
(epstopdf)                    size: 2027529 bytes
(epstopdf)             Output file: <./section7OtherSignatures/img/lim_Zprime_l
l_helhc_v01_allxs-eps-converted-to.pdf>
(epstopdf)                    date: 2018-11-28 09:59:48
(epstopdf)                    size: 92605 bytes
(epstopdf)             Command: <repstopdf --outfile=./section7OtherSignatures/
img/lim_Zprime_ll_helhc_v01_allxs-eps-converted-to.pdf ./section7OtherSignature
s/img/lim_Zprime_ll_helhc_v01_allxs.eps>
(epstopdf)             \includegraphics on input line 86.
Package epstopdf Info: Output file is already uptodate.

<./section7OtherSignatures/img/lim_Zprime_ll_helhc_v01_allxs-eps-converted-to.p
df, id=118, 569.12625pt x 545.03625pt>
File: ./section7OtherSignatures/img/lim_Zprime_ll_helhc_v01_allxs-eps-converted
-to.pdf Graphic file (type pdf)

<use ./section7OtherSignatures/img/lim_Zprime_ll_helhc_v01_allxs-eps-converted-
to.pdf>
Package pdftex.def Info: ./section7OtherSignatures/img/lim_Zprime_ll_helhc_v01_
allxs-eps-converted-to.pdf used on input line 86.
(pdftex.def)             Requested size: 204.85846pt x 196.18794pt.
Package epstopdf Info: Source file: <./section7OtherSignatures/img/DiscoveryPot
ential_ll_comb_rootStyle.eps>
(epstopdf)                    date: 2018-11-28 09:59:48
(epstopdf)                    size: 16165 bytes
(epstopdf)             Output file: <./section7OtherSignatures/img/DiscoveryPot
ential_ll_comb_rootStyle-eps-converted-to.pdf>
(epstopdf)                    date: 2018-11-28 09:59:48
(epstopdf)                    size: 5869 bytes
(epstopdf)             Command: <repstopdf --outfile=./section7OtherSignatures/
img/DiscoveryPotential_ll_comb_rootStyle-eps-converted-to.pdf ./section7OtherSi
gnatures/img/DiscoveryPotential_ll_comb_rootStyle.eps>
(epstopdf)             \includegraphics on input line 87.
Package epstopdf Info: Output file is already uptodate.

<./section7OtherSignatures/img/DiscoveryPotential_ll_comb_rootStyle-eps-convert
ed-to.pdf, id=119, 569.12625pt x 545.03625pt>
File: ./section7OtherSignatures/img/DiscoveryPotential_ll_comb_rootStyle-eps-co
nverted-to.pdf Graphic file (type pdf)

<use ./section7OtherSignatures/img/DiscoveryPotential_ll_comb_rootStyle-eps-con
verted-to.pdf>
Package pdftex.def Info: ./section7OtherSignatures/img/DiscoveryPotential_ll_co
mb_rootStyle-eps-converted-to.pdf used on input line 87.
(pdftex.def)             Requested size: 204.85846pt x 196.18794pt.
Package epstopdf Info: Source file: <./section7OtherSignatures/img/lim_Zprime_t
autau_helhc_v01.eps>
(epstopdf)                    date: 2018-11-28 09:59:48
(epstopdf)                    size: 2023969 bytes
(epstopdf)             Output file: <./section7OtherSignatures/img/lim_Zprime_t
autau_helhc_v01-eps-converted-to.pdf>
(epstopdf)                    date: 2018-11-28 09:59:48
(epstopdf)                    size: 90831 bytes
(epstopdf)             Command: <repstopdf --outfile=./section7OtherSignatures/
img/lim_Zprime_tautau_helhc_v01-eps-converted-to.pdf ./section7OtherSignatures/
img/lim_Zprime_tautau_helhc_v01.eps>
(epstopdf)             \includegraphics on input line 94.
Package epstopdf Info: Output file is already uptodate.

<./section7OtherSignatures/img/lim_Zprime_tautau_helhc_v01-eps-converted-to.pdf
, id=120, 569.12625pt x 545.03625pt>
File: ./section7OtherSignatures/img/lim_Zprime_tautau_helhc_v01-eps-converted-t
o.pdf Graphic file (type pdf)

<use ./section7OtherSignatures/img/lim_Zprime_tautau_helhc_v01-eps-converted-to
.pdf>
Package pdftex.def Info: ./section7OtherSignatures/img/lim_Zprime_tautau_helhc_
v01-eps-converted-to.pdf used on input line 94.
(pdftex.def)             Requested size: 204.85846pt x 196.18794pt.
Package epstopdf Info: Source file: <./section7OtherSignatures/img/DiscoveryPot
ential_tautau_rootStyle.eps>
(epstopdf)                    date: 2018-11-28 09:59:48
(epstopdf)                    size: 15662 bytes
(epstopdf)             Output file: <./section7OtherSignatures/img/DiscoveryPot
ential_tautau_rootStyle-eps-converted-to.pdf>
(epstopdf)                    date: 2018-11-28 09:59:48
(epstopdf)                    size: 5692 bytes
(epstopdf)             Command: <repstopdf --outfile=./section7OtherSignatures/
img/DiscoveryPotential_tautau_rootStyle-eps-converted-to.pdf ./section7OtherSig
natures/img/DiscoveryPotential_tautau_rootStyle.eps>
(epstopdf)             \includegraphics on input line 95.
Package epstopdf Info: Output file is already uptodate.

<./section7OtherSignatures/img/DiscoveryPotential_tautau_rootStyle-eps-converte
d-to.pdf, id=121, 569.12625pt x 545.03625pt>
File: ./section7OtherSignatures/img/DiscoveryPotential_tautau_rootStyle-eps-con
verted-to.pdf Graphic file (type pdf)

<use ./section7OtherSignatures/img/DiscoveryPotential_tautau_rootStyle-eps-conv
erted-to.pdf>
Package pdftex.def Info: ./section7OtherSignatures/img/DiscoveryPotential_tauta
u_rootStyle-eps-converted-to.pdf used on input line 95.
(pdftex.def)             Requested size: 204.85846pt x 196.18794pt.
) (./section7OtherSignatures/sub719.tex

Package hyperref Warning: Token not allowed in a PDF string (PDFDocEncoding):
(hyperref)                removing `math shift' on input line 2.


Package hyperref Warning: Token not allowed in a PDF string (PDFDocEncoding):
(hyperref)                removing `math shift' on input line 2.


Package hyperref Warning: Token not allowed in a PDF string (PDFDocEncoding):
(hyperref)                removing `math shift' on input line 2.


Package hyperref Warning: Token not allowed in a PDF string (PDFDocEncoding):
(hyperref)                removing `superscript' on input line 2.


Package hyperref Warning: Token not allowed in a PDF string (PDFDocEncoding):
(hyperref)                removing `math shift' on input line 2.


Underfull \vbox (badness 10000) has occurred while \output is active []

 [7 <./section7OtherSignatures/img/Zpee_mzp_sel0_nostack_log-eps-converted-to.p
df> <./section7OtherSignatures/img/Zpmumu_mzp_sel0_nostack_log-eps-converted-to
.pdf> <./section7OtherSignatures/img/Zptautau_mt_sel0_nostack_log-eps-converted
-to.pdf>]
[8 <./section7OtherSignatures/img/lim_Zprime_ll_helhc_v01_allxs-eps-converted-t
o.pdf> <./section7OtherSignatures/img/DiscoveryPotential_ll_comb_rootStyle-eps-
converted-to.pdf> <./section7OtherSignatures/img/lim_Zprime_tautau_helhc_v01-ep
s-converted-to.pdf> <./section7OtherSignatures/img/DiscoveryPotential_tautau_ro
otStyle-eps-converted-to.pdf>]
<./section7OtherSignatures/img/zp14tev-ref.pdf, id=259, 794.97pt x 614.295pt>
File: ./section7OtherSignatures/img/zp14tev-ref.pdf Graphic file (type pdf)

<use ./section7OtherSignatures/img/zp14tev-ref.pdf>
Package pdftex.def Info: ./section7OtherSignatures/img/zp14tev-ref.pdf used on 
input line 34.
(pdftex.def)             Requested size: 204.85846pt x 150.52055pt.

<./section7OtherSignatures/img/zp27tev-ref.pdf, id=261, 794.97pt x 614.295pt>
File: ./section7OtherSignatures/img/zp27tev-ref.pdf Graphic file (type pdf)

<use ./section7OtherSignatures/img/zp27tev-ref.pdf>
Package pdftex.def Info: ./section7OtherSignatures/img/zp27tev-ref.pdf used on 
input line 35.
(pdftex.def)             Requested size: 204.85846pt x 150.52055pt.
 [9 <./section7OtherSignatures/img/zp14tev-ref.pdf, page is rotated 270 degrees
> <./section7OtherSignatures/img/zp27tev-ref.pdf, page is rotated 270 degrees>]


LaTeX Warning: Citation `subsubsec:hr_lep' on page 10 undefined on input line 8
9.

Package epstopdf Info: Source file: <./section7OtherSignatures/img/ry_afb_200Ge
V_eta2p5_interf.eps>
(epstopdf)                    date: 2018-11-28 08:30:15
(epstopdf)                    size: 9770 bytes
(epstopdf)             Output file: <./section7OtherSignatures/img/ry_afb_200Ge
V_eta2p5_interf-eps-converted-to.pdf>
(epstopdf)                    date: 2018-11-28 08:30:16
(epstopdf)                    size: 11178 bytes
(epstopdf)             Command: <repstopdf --outfile=./section7OtherSignatures/
img/ry_afb_200GeV_eta2p5_interf-eps-converted-to.pdf ./section7OtherSignatures/
img/ry_afb_200GeV_eta2p5_interf.eps>
(epstopdf)             \includegraphics on input line 98.
Package epstopdf Info: Output file is already uptodate.

<./section7OtherSignatures/img/ry_afb_200GeV_eta2p5_interf-eps-converted-to.pdf
, id=294, 569.12625pt x 736.7525pt>
File: ./section7OtherSignatures/img/ry_afb_200GeV_eta2p5_interf-eps-converted-t
o.pdf Graphic file (type pdf)

<use ./section7OtherSignatures/img/ry_afb_200GeV_eta2p5_interf-eps-converted-to
.pdf>
Package pdftex.def Info: ./section7OtherSignatures/img/ry_afb_200GeV_eta2p5_int
erf-eps-converted-to.pdf used on input line 98.
(pdftex.def)             Requested size: 136.57462pt x 176.80173pt.
Package epstopdf Info: Source file: <./section7OtherSignatures/img/sigma_vs_lum
i.eps>
(epstopdf)                    date: 2018-11-28 08:30:16
(epstopdf)                    size: 9823 bytes
(epstopdf)             Output file: <./section7OtherSignatures/img/sigma_vs_lum
i-eps-converted-to.pdf>
(epstopdf)                    date: 2018-11-28 08:30:16
(epstopdf)                    size: 11619 bytes
(epstopdf)             Command: <repstopdf --outfile=./section7OtherSignatures/
img/sigma_vs_lumi-eps-converted-to.pdf ./section7OtherSignatures/img/sigma_vs_l
umi.eps>
(epstopdf)             \includegraphics on input line 99.
Package epstopdf Info: Output file is already uptodate.

<./section7OtherSignatures/img/sigma_vs_lumi-eps-converted-to.pdf, id=295, 569.
12625pt x 736.7525pt>
File: ./section7OtherSignatures/img/sigma_vs_lumi-eps-converted-to.pdf Graphic 
file (type pdf)

<use ./section7OtherSignatures/img/sigma_vs_lumi-eps-converted-to.pdf>
Package pdftex.def Info: ./section7OtherSignatures/img/sigma_vs_lumi-eps-conver
ted-to.pdf used on input line 99.
(pdftex.def)             Requested size: 136.57462pt x 176.80173pt.
Package epstopdf Info: Source file: <./section7OtherSignatures/img/Zp_branching
_6TeV_15ab.eps>
(epstopdf)                    date: 2018-11-28 08:30:15
(epstopdf)                    size: 2018166 bytes
(epstopdf)             Output file: <./section7OtherSignatures/img/Zp_branching
_6TeV_15ab-eps-converted-to.pdf>
(epstopdf)                    date: 2018-11-28 08:30:16
(epstopdf)                    size: 95979 bytes
(epstopdf)             Command: <repstopdf --outfile=./section7OtherSignatures/
img/Zp_branching_6TeV_15ab-eps-converted-to.pdf ./section7OtherSignatures/img/Z
p_branching_6TeV_15ab.eps>
(epstopdf)             \includegraphics on input line 100.
Package epstopdf Info: Output file is already uptodate.

<./section7OtherSignatures/img/Zp_branching_6TeV_15ab-eps-converted-to.pdf, id=
296, 569.12625pt x 736.7525pt>
File: ./section7OtherSignatures/img/Zp_branching_6TeV_15ab-eps-converted-to.pdf
 Graphic file (type pdf)

<use ./section7OtherSignatures/img/Zp_branching_6TeV_15ab-eps-converted-to.pdf>
Package pdftex.def Info: ./section7OtherSignatures/img/Zp_branching_6TeV_15ab-e
ps-converted-to.pdf used on input line 100.
(pdftex.def)             Requested size: 136.57462pt x 176.80173pt.

LaTeX Warning: Citation `subsubsec:hr_had' on page 10 undefined on input line 1
10.

)

Package hyperref Warning: Token not allowed in a PDF string (PDFDocEncoding):
(hyperref)                removing `math shift' on input line 34.


Package hyperref Warning: Token not allowed in a PDF string (PDFDocEncoding):
(hyperref)                removing `math shift' on input line 34.

(./section7OtherSignatures/sub729.tex

Package hyperref Warning: Token not allowed in a PDF string (PDFDocEncoding):
(hyperref)                removing `math shift' on input line 1.


Package hyperref Warning: Token not allowed in a PDF string (PDFDocEncoding):
(hyperref)                removing `superscript' on input line 1.


Package hyperref Warning: Token not allowed in a PDF string (PDFDocEncoding):
(hyperref)                removing `math shift' on input line 1.

[10] [11 <./section7OtherSignatures/img/ry_afb_200GeV_eta2p5_interf-eps-convert
ed-to.pdf> <./section7OtherSignatures/img/sigma_vs_lumi-eps-converted-to.pdf> <
./section7OtherSignatures/img/Zp_branching_6TeV_15ab-eps-converted-to.pdf>]
Package epstopdf Info: Source file: <./section7OtherSignatures/img/RSGWW_Mj1j2_
pf08_fit_sel4_nostack_log.eps>
(epstopdf)                    date: 2018-11-28 10:00:49
(epstopdf)                    size: 31884 bytes
(epstopdf)             Output file: <./section7OtherSignatures/img/RSGWW_Mj1j2_
pf08_fit_sel4_nostack_log-eps-converted-to.pdf>
(epstopdf)                    date: 2018-11-28 10:00:49
(epstopdf)                    size: 7449 bytes
(epstopdf)             Command: <repstopdf --outfile=./section7OtherSignatures/
img/RSGWW_Mj1j2_pf08_fit_sel4_nostack_log-eps-converted-to.pdf ./section7OtherS
ignatures/img/RSGWW_Mj1j2_pf08_fit_sel4_nostack_log.eps>
(epstopdf)             \includegraphics on input line 43.
Package epstopdf Info: Output file is already uptodate.

<./section7OtherSignatures/img/RSGWW_Mj1j2_pf08_fit_sel4_nostack_log-eps-conver
ted-to.pdf, id=393, 569.12625pt x 546.04pt>
File: ./section7OtherSignatures/img/RSGWW_Mj1j2_pf08_fit_sel4_nostack_log-eps-c
onverted-to.pdf Graphic file (type pdf)

<use ./section7OtherSignatures/img/RSGWW_Mj1j2_pf08_fit_sel4_nostack_log-eps-co
nverted-to.pdf>
Package pdftex.def Info: ./section7OtherSignatures/img/RSGWW_Mj1j2_pf08_fit_sel
4_nostack_log-eps-converted-to.pdf used on input line 43.
(pdftex.def)             Requested size: 136.57462pt x 131.03561pt.
Package epstopdf Info: Source file: <./section7OtherSignatures/img/Zptt_Mj1j2_p
f08_MetCorr_fit_sel8_nostack_log.eps>
(epstopdf)                    date: 2018-11-28 08:30:16
(epstopdf)                    size: 29526 bytes
(epstopdf)             Output file: <./section7OtherSignatures/img/Zptt_Mj1j2_p
f08_MetCorr_fit_sel8_nostack_log-eps-converted-to.pdf>
(epstopdf)                    date: 2018-11-28 09:13:04
(epstopdf)                    size: 15639 bytes
(epstopdf)             Command: <repstopdf --outfile=./section7OtherSignatures/
img/Zptt_Mj1j2_pf08_MetCorr_fit_sel8_nostack_log-eps-converted-to.pdf ./section
7OtherSignatures/img/Zptt_Mj1j2_pf08_MetCorr_fit_sel8_nostack_log.eps>
(epstopdf)             \includegraphics on input line 44.
Package epstopdf Info: Output file is already uptodate.

<./section7OtherSignatures/img/Zptt_Mj1j2_pf08_MetCorr_fit_sel8_nostack_log-eps
-converted-to.pdf, id=394, 569.12625pt x 546.04pt>
File: ./section7OtherSignatures/img/Zptt_Mj1j2_pf08_MetCorr_fit_sel8_nostack_lo
g-eps-converted-to.pdf Graphic file (type pdf)

<use ./section7OtherSignatures/img/Zptt_Mj1j2_pf08_MetCorr_fit_sel8_nostack_log
-eps-converted-to.pdf>
Package pdftex.def Info: ./section7OtherSignatures/img/Zptt_Mj1j2_pf08_MetCorr_
fit_sel8_nostack_log-eps-converted-to.pdf used on input line 44.
(pdftex.def)             Requested size: 136.57462pt x 131.03561pt.
Package epstopdf Info: Source file: <./section7OtherSignatures/img/qq_Mj1j2_pf0
4_sel1_nostack_log.eps>
(epstopdf)                    date: 2018-11-28 10:00:49
(epstopdf)                    size: 28878 bytes
(epstopdf)             Output file: <./section7OtherSignatures/img/qq_Mj1j2_pf0
4_sel1_nostack_log-eps-converted-to.pdf>
(epstopdf)                    date: 2018-11-28 10:00:49
(epstopdf)                    size: 15239 bytes
(epstopdf)             Command: <repstopdf --outfile=./section7OtherSignatures/
img/qq_Mj1j2_pf04_sel1_nostack_log-eps-converted-to.pdf ./section7OtherSignatur
es/img/qq_Mj1j2_pf04_sel1_nostack_log.eps>
(epstopdf)             \includegraphics on input line 45.
Package epstopdf Info: Output file is already uptodate.


pdfTeX warning: pdflatex (file ./section7OtherSignatures/img/qq_Mj1j2_pf04_sel1
_nostack_log-eps-converted-to.pdf): PDF inclusion: found PDF version <1.7>, but
 at most version <1.5> allowed

<./section7OtherSignatures/img/qq_Mj1j2_pf04_sel1_nostack_log-eps-converted-to.
pdf, id=395, 569.12625pt x 546.04pt>
File: ./section7OtherSignatures/img/qq_Mj1j2_pf04_sel1_nostack_log-eps-converte
d-to.pdf Graphic file (type pdf)

<use ./section7OtherSignatures/img/qq_Mj1j2_pf04_sel1_nostack_log-eps-converted
-to.pdf>
Package pdftex.def Info: ./section7OtherSignatures/img/qq_Mj1j2_pf04_sel1_nosta
ck_log-eps-converted-to.pdf used on input line 45.
(pdftex.def)             Requested size: 136.57462pt x 131.03561pt.
Package epstopdf Info: Source file: <./section7OtherSignatures/img/lim_RSGravit
on_ww_helhc_v01.eps>
(epstopdf)                    date: 2018-11-28 10:00:48
(epstopdf)                    size: 834068 bytes
(epstopdf)             Output file: <./section7OtherSignatures/img/lim_RSGravit
on_ww_helhc_v01-eps-converted-to.pdf>
(epstopdf)                    date: 2018-11-28 10:00:49
(epstopdf)                    size: 40636 bytes
(epstopdf)             Command: <repstopdf --outfile=./section7OtherSignatures/
img/lim_RSGraviton_ww_helhc_v01-eps-converted-to.pdf ./section7OtherSignatures/
img/lim_RSGraviton_ww_helhc_v01.eps>
(epstopdf)             \includegraphics on input line 60.
Package epstopdf Info: Output file is already uptodate.

<./section7OtherSignatures/img/lim_RSGraviton_ww_helhc_v01-eps-converted-to.pdf
, id=398, 569.12625pt x 545.03625pt>
File: ./section7OtherSignatures/img/lim_RSGraviton_ww_helhc_v01-eps-converted-t
o.pdf Graphic file (type pdf)

<use ./section7OtherSignatures/img/lim_RSGraviton_ww_helhc_v01-eps-converted-to
.pdf>
Package pdftex.def Info: ./section7OtherSignatures/img/lim_RSGraviton_ww_helhc_
v01-eps-converted-to.pdf used on input line 60.
(pdftex.def)             Requested size: 136.57462pt x 130.79474pt.
Package epstopdf Info: Source file: <./section7OtherSignatures/img/lim_Zprime_t
t_helhc_v01.eps>
(epstopdf)                    date: 2018-11-28 10:00:49
(epstopdf)                    size: 2025537 bytes
(epstopdf)             Output file: <./section7OtherSignatures/img/lim_Zprime_t
t_helhc_v01-eps-converted-to.pdf>
(epstopdf)                    date: 2018-11-28 10:00:49
(epstopdf)                    size: 91378 bytes
(epstopdf)             Command: <repstopdf --outfile=./section7OtherSignatures/
img/lim_Zprime_tt_helhc_v01-eps-converted-to.pdf ./section7OtherSignatures/img/
lim_Zprime_tt_helhc_v01.eps>
(epstopdf)             \includegraphics on input line 61.
Package epstopdf Info: Output file is already uptodate.

<./section7OtherSignatures/img/lim_Zprime_tt_helhc_v01-eps-converted-to.pdf, id
=399, 569.12625pt x 545.03625pt>
File: ./section7OtherSignatures/img/lim_Zprime_tt_helhc_v01-eps-converted-to.pd
f Graphic file (type pdf)

<use ./section7OtherSignatures/img/lim_Zprime_tt_helhc_v01-eps-converted-to.pdf
>
Package pdftex.def Info: ./section7OtherSignatures/img/lim_Zprime_tt_helhc_v01-
eps-converted-to.pdf used on input line 61.
(pdftex.def)             Requested size: 136.57462pt x 130.79474pt.
Package epstopdf Info: Source file: <./section7OtherSignatures/img/lim_Qstar_jj
_helhc_v01.eps>
(epstopdf)                    date: 2018-11-28 10:00:48
(epstopdf)                    size: 833939 bytes
(epstopdf)             Output file: <./section7OtherSignatures/img/lim_Qstar_jj
_helhc_v01-eps-converted-to.pdf>
(epstopdf)                    date: 2018-11-28 10:00:48
(epstopdf)                    size: 41107 bytes
(epstopdf)             Command: <repstopdf --outfile=./section7OtherSignatures/
img/lim_Qstar_jj_helhc_v01-eps-converted-to.pdf ./section7OtherSignatures/img/l
im_Qstar_jj_helhc_v01.eps>
(epstopdf)             \includegraphics on input line 62.
Package epstopdf Info: Output file is already uptodate.

<./section7OtherSignatures/img/lim_Qstar_jj_helhc_v01-eps-converted-to.pdf, id=
400, 569.12625pt x 545.03625pt>
File: ./section7OtherSignatures/img/lim_Qstar_jj_helhc_v01-eps-converted-to.pdf
 Graphic file (type pdf)

<use ./section7OtherSignatures/img/lim_Qstar_jj_helhc_v01-eps-converted-to.pdf>
Package pdftex.def Info: ./section7OtherSignatures/img/lim_Qstar_jj_helhc_v01-e
ps-converted-to.pdf used on input line 62.
(pdftex.def)             Requested size: 136.57462pt x 130.79474pt.
Package epstopdf Info: Source file: <./section7OtherSignatures/img/DiscoveryPot
ential_ww_tagger_rootStyle.eps>
(epstopdf)                    date: 2018-11-28 10:00:48
(epstopdf)                    size: 15699 bytes
(epstopdf)             Output file: <./section7OtherSignatures/img/DiscoveryPot
ential_ww_tagger_rootStyle-eps-converted-to.pdf>
(epstopdf)                    date: 2018-11-28 10:00:48
(epstopdf)                    size: 5774 bytes
(epstopdf)             Command: <repstopdf --outfile=./section7OtherSignatures/
img/DiscoveryPotential_ww_tagger_rootStyle-eps-converted-to.pdf ./section7Other
Signatures/img/DiscoveryPotential_ww_tagger_rootStyle.eps>
(epstopdf)             \includegraphics on input line 64.
Package epstopdf Info: Output file is already uptodate.

<./section7OtherSignatures/img/DiscoveryPotential_ww_tagger_rootStyle-eps-conve
rted-to.pdf, id=401, 569.12625pt x 545.03625pt>
File: ./section7OtherSignatures/img/DiscoveryPotential_ww_tagger_rootStyle-eps-
converted-to.pdf Graphic file (type pdf)

<use ./section7OtherSignatures/img/DiscoveryPotential_ww_tagger_rootStyle-eps-c
onverted-to.pdf>
Package pdftex.def Info: ./section7OtherSignatures/img/DiscoveryPotential_ww_ta
gger_rootStyle-eps-converted-to.pdf used on input line 64.
(pdftex.def)             Requested size: 136.57462pt x 130.79474pt.
Package epstopdf Info: Source file: <./section7OtherSignatures/img/DiscoveryPot
ential_tt_SSM_TC2_tagger_TRFbtag_rootStyle.eps>
(epstopdf)                    date: 2018-11-28 10:00:48
(epstopdf)                    size: 16468 bytes
(epstopdf)             Output file: <./section7OtherSignatures/img/DiscoveryPot
ential_tt_SSM_TC2_tagger_TRFbtag_rootStyle-eps-converted-to.pdf>
(epstopdf)                    date: 2018-11-28 10:00:48
(epstopdf)                    size: 6164 bytes
(epstopdf)             Command: <repstopdf --outfile=./section7OtherSignatures/
img/DiscoveryPotential_tt_SSM_TC2_tagger_TRFbtag_rootStyle-eps-converted-to.pdf
 ./section7OtherSignatures/img/DiscoveryPotential_tt_SSM_TC2_tagger_TRFbtag_roo
tStyle.eps>
(epstopdf)             \includegraphics on input line 65.
Package epstopdf Info: Output file is already uptodate.

<./section7OtherSignatures/img/DiscoveryPotential_tt_SSM_TC2_tagger_TRFbtag_roo
tStyle-eps-converted-to.pdf, id=402, 569.12625pt x 545.03625pt>
File: ./section7OtherSignatures/img/DiscoveryPotential_tt_SSM_TC2_tagger_TRFbta
g_rootStyle-eps-converted-to.pdf Graphic file (type pdf)

<use ./section7OtherSignatures/img/DiscoveryPotential_tt_SSM_TC2_tagger_TRFbtag
_rootStyle-eps-converted-to.pdf>
Package pdftex.def Info: ./section7OtherSignatures/img/DiscoveryPotential_tt_SS
M_TC2_tagger_TRFbtag_rootStyle-eps-converted-to.pdf used on input line 65.
(pdftex.def)             Requested size: 136.57462pt x 130.79474pt.
Package epstopdf Info: Source file: <./section7OtherSignatures/img/DiscoveryPot
ential_jj_rootStyle.eps>
(epstopdf)                    date: 2018-11-28 10:00:48
(epstopdf)                    size: 15926 bytes
(epstopdf)             Output file: <./section7OtherSignatures/img/DiscoveryPot
ential_jj_rootStyle-eps-converted-to.pdf>
(epstopdf)                    date: 2018-11-28 10:00:48
(epstopdf)                    size: 5807 bytes
(epstopdf)             Command: <repstopdf --outfile=./section7OtherSignatures/
img/DiscoveryPotential_jj_rootStyle-eps-converted-to.pdf ./section7OtherSignatu
res/img/DiscoveryPotential_jj_rootStyle.eps>
(epstopdf)             \includegraphics on input line 66.
Package epstopdf Info: Output file is already uptodate.

<./section7OtherSignatures/img/DiscoveryPotential_jj_rootStyle-eps-converted-to
.pdf, id=403, 569.12625pt x 545.03625pt>
File: ./section7OtherSignatures/img/DiscoveryPotential_jj_rootStyle-eps-convert
ed-to.pdf Graphic file (type pdf)

<use ./section7OtherSignatures/img/DiscoveryPotential_jj_rootStyle-eps-converte
d-to.pdf>
Package pdftex.def Info: ./section7OtherSignatures/img/DiscoveryPotential_jj_ro
otStyle-eps-converted-to.pdf used on input line 66.
(pdftex.def)             Requested size: 136.57462pt x 130.79474pt.
)) [12 <./section7OtherSignatures/img/RSGWW_Mj1j2_pf08_fit_sel4_nostack_log-eps
-converted-to.pdf> <./section7OtherSignatures/img/Zptt_Mj1j2_pf08_MetCorr_fit_s
el8_nostack_log-eps-converted-to.pdf> <./section7OtherSignatures/img/qq_Mj1j2_p
f04_sel1_nostack_log-eps-converted-to.pdf>] (./report.bbl
LaTeX Font Info:    Try loading font information for T1+cmtt on input line 18.

(/usr/local/texlive/2016/texmf-dist/tex/latex/base/t1cmtt.fd
File: t1cmtt.fd 2014/09/29 v2.5h Standard LaTeX font definitions
) [13 <./section7OtherSignatures/img/lim_RSGraviton_ww_helhc_v01-eps-converted-
to.pdf> <./section7OtherSignatures/img/lim_Zprime_tt_helhc_v01-eps-converted-to
.pdf> <./section7OtherSignatures/img/lim_Qstar_jj_helhc_v01-eps-converted-to.pd
f> <./section7OtherSignatures/img/DiscoveryPotential_ww_tagger_rootStyle-eps-co
nverted-to.pdf> <./section7OtherSignatures/img/DiscoveryPotential_tt_SSM_TC2_ta
gger_TRFbtag_rootStyle-eps-converted-to.pdf> <./section7OtherSignatures/img/Dis
coveryPotential_jj_rootStyle-eps-converted-to.pdf>])

Package caption Warning: Unused \captionsetup[subFigure] on input line 158.
See the caption package documentation for explanation.

[14]
Package atveryend Info: Empty hook `BeforeClearDocument' on input line 318.
Package atveryend Info: Empty hook `AfterLastShipout' on input line 318.
 (./report.aux)
Package atveryend Info: Executing hook `AtVeryEndDocument' on input line 318.
Package atveryend Info: Executing hook `AtEndAfterFileList' on input line 318.
Package rerunfilecheck Info: File `report.out' has not changed.
(rerunfilecheck)             Checksum: E8CE13BC4A5469BD78D46E881DE229DF;746.


LaTeX Warning: There were undefined references.

Package atveryend Info: Empty hook `AtVeryVeryEnd' on input line 318.
 ) 
Here is how much of TeX's memory you used:
 24498 strings out of 493014
 413889 string characters out of 6133351
 482534 words of memory out of 5000000
 27390 multiletter control sequences out of 15000+600000
 71928 words of font info for 126 fonts, out of 8000000 for 9000
 1141 hyphenation exceptions out of 8191
 82i,11n,65p,1348b,526s stack positions out of 5000i,500n,10000p,200000b,80000s
{/usr/local/texlive/2016/texmf-dist/fonts/enc/dvips/cm-super/cm-super-t1.enc}
{/usr/local/texlive/2016/texmf-dist/fonts/enc/dvips/base/8r.enc}</usr/local/tex
live/2016/texmf-dist/fonts/type1/public/amsfonts/cmextra/cmbsy8.pfb></usr/local
/texlive/2016/texmf-dist/fonts/type1/public/amsfonts/cm/cmbx10.pfb></usr/local/
texlive/2016/texmf-dist/fonts/type1/public/amsfonts/cm/cmex10.pfb></usr/local/t
exlive/2016/texmf-dist/fonts/type1/public/amsfonts/cmextra/cmex9.pfb></usr/loca
l/texlive/2016/texmf-dist/fonts/type1/public/amsfonts/cm/cmmi10.pfb></usr/local
/texlive/2016/texmf-dist/fonts/type1/public/amsfonts/cm/cmmi6.pfb></usr/local/t
exlive/2016/texmf-dist/fonts/type1/public/amsfonts/cm/cmmi7.pfb></usr/local/tex
live/2016/texmf-dist/fonts/type1/public/amsfonts/cm/cmmi8.pfb></usr/local/texli
ve/2016/texmf-dist/fonts/type1/public/amsfonts/cm/cmmi9.pfb></usr/local/texlive
/2016/texmf-dist/fonts/type1/public/amsfonts/cm/cmmib10.pfb></usr/local/texlive
/2016/texmf-dist/fonts/type1/public/amsfonts/cm/cmr10.pfb></usr/local/texlive/2
016/texmf-dist/fonts/type1/public/amsfonts/cm/cmr6.pfb></usr/local/texlive/2016
/texmf-dist/fonts/type1/public/amsfonts/cm/cmr7.pfb></usr/local/texlive/2016/te
xmf-dist/fonts/type1/public/amsfonts/cm/cmr8.pfb></usr/local/texlive/2016/texmf
-dist/fonts/type1/public/amsfonts/cm/cmr9.pfb></usr/local/texlive/2016/texmf-di
st/fonts/type1/public/amsfonts/cm/cmsy10.pfb></usr/local/texlive/2016/texmf-dis
t/fonts/type1/public/amsfonts/cm/cmsy5.pfb></usr/local/texlive/2016/texmf-dist/
fonts/type1/public/amsfonts/cm/cmsy6.pfb></usr/local/texlive/2016/texmf-dist/fo
nts/type1/public/amsfonts/cm/cmsy7.pfb></usr/local/texlive/2016/texmf-dist/font
s/type1/public/amsfonts/cm/cmsy8.pfb></usr/local/texlive/2016/texmf-dist/fonts/
type1/public/amsfonts/cm/cmsy9.pfb></usr/local/texlive/2016/texmf-dist/fonts/ty
pe1/public/amsfonts/symbols/msam10.pfb></usr/local/texlive/2016/texmf-dist/font
s/type1/public/cm-super/sftt1095.pfb></usr/local/texlive/2016/texmf-dist/fonts/
type1/urw/times/utmb8a.pfb></usr/local/texlive/2016/texmf-dist/fonts/type1/urw/
times/utmbi8a.pfb></usr/local/texlive/2016/texmf-dist/fonts/type1/urw/times/utm
r8a.pfb></usr/local/texlive/2016/texmf-dist/fonts/type1/urw/times/utmri8a.pfb>
Output written on report.pdf (14 pages, 1028352 bytes).
PDF statistics:
 728 PDF objects out of 1000 (max. 8388607)
 603 compressed objects within 7 object streams
 74 named destinations out of 1000 (max. 500000)
 199 words of extra memory for PDF output out of 10000 (max. 10000000)

